2025/01/24 17:40:35 Host Venugopals-MacBook-Air.local, Page/Block size =16384 
2025/01/24 17:40:35 Setting up file server and api handlers
2025/01/24 17:40:35 Application is available at Host: Venugopals-MacBook-Air.local and  Port=2024
2025/01/24 17:41:42 Requested URL before processing = /api/v1/auth/signin
2025/01/24 17:41:42 After = /api/v1/auth/signin
2025/01/24 17:42:45 Requested URL before processing = /api/v1/product/getproducts
2025/01/24 17:42:45 After = /api/v1/product/getproducts
2025/01/24 17:47:06 Requested URL before processing = /api/v1/product/getproducts
2025/01/24 17:47:06 After = /api/v1/product/getproducts
2025/01/24 18:02:16 Requested URL before processing = /api/v1/product/getproducts
2025/01/24 18:02:16 After = /api/v1/product/getproducts
2025/01/24 18:19:36 Requested URL before processing = /api/v1/product/getproducts
2025/01/24 18:19:36 After = /api/v1/product/getproducts
2025/01/24 18:26:31 Requested URL before processing = /api/v1/product/getproducts
2025/01/24 18:26:31 After = /api/v1/product/getproducts
2025/01/24 18:26:46 Requested URL before processing = /api/v1/product/getproducts
2025/01/24 18:26:46 After = /api/v1/product/getproducts
2025/01/24 18:27:09 Requested URL before processing = /api/v1/product/getproducts
2025/01/24 18:27:09 Requested URL before processing = /api/v1/product/getproducts
2025/01/24 18:27:09 After = /api/v1/product/getproducts
2025/01/24 18:27:09 After = /api/v1/product/getproducts
2025/01/24 18:35:01 Requested URL before processing = /api/v1/product/getproducts
2025/01/24 18:35:01 Requested URL before processing = /api/v1/product/getproducts
2025/01/24 18:35:01 After = /api/v1/product/getproducts
2025/01/24 18:35:01 After = /api/v1/product/getproducts
2025/01/24 18:38:12 Requested URL before processing = /api/v1/product/getproducts
2025/01/24 18:38:12 Requested URL before processing = /api/v1/product/getproducts
2025/01/24 18:38:12 After = /api/v1/product/getproducts
2025/01/24 18:38:12 After = /api/v1/product/getproducts
2025/01/24 18:38:24 Requested URL before processing = /api/v1/product/getproducts
2025/01/24 18:38:24 Requested URL before processing = /api/v1/product/getproducts
2025/01/24 18:38:24 After = /api/v1/product/getproducts
2025/01/24 18:38:24 After = /api/v1/product/getproducts
2025/01/24 18:40:16 Requested URL before processing = /api/v1/product/getproducts
2025/01/24 18:40:16 Requested URL before processing = /api/v1/product/getproducts
2025/01/24 18:40:16 After = /api/v1/product/getproducts
2025/01/24 18:40:16 After = /api/v1/product/getproducts
2025/01/24 18:40:21 Requested URL before processing = /api/v1/product/getproducts
2025/01/24 18:40:21 Requested URL before processing = /api/v1/product/getproducts
2025/01/24 18:40:21 After = /api/v1/product/getproducts
2025/01/24 18:40:21 After = /api/v1/product/getproducts
2025/01/24 18:40:37 Requested URL before processing = /api/v1/product/getproducts
2025/01/24 18:40:37 Requested URL before processing = /api/v1/product/getproducts
2025/01/24 18:40:37 After = /api/v1/product/getproducts
2025/01/24 18:40:37 After = /api/v1/product/getproducts
2025/01/24 18:50:21 Requested URL before processing = /api/v1/product/getproducts
2025/01/24 18:50:21 Requested URL before processing = /api/v1/product/getproducts
2025/01/24 18:50:21 After = /api/v1/product/getproducts
2025/01/24 18:50:21 After = /api/v1/product/getproducts
2025/01/24 18:56:43 Requested URL before processing = /api/v1/product/getproducts
2025/01/24 18:56:43 Requested URL before processing = /api/v1/product/getproducts
2025/01/24 18:56:43 After = /api/v1/product/getproducts
2025/01/24 18:56:43 After = /api/v1/product/getproducts
2025/01/24 19:08:47 Requested URL before processing = /api/v1/product/getproducts
2025/01/24 19:08:47 After = /api/v1/product/getproducts
2025/01/24 19:08:47 Requested URL before processing = /api/v1/product/getproducts
2025/01/24 19:08:47 After = /api/v1/product/getproducts
2025/01/24 19:09:03 Requested URL before processing = /api/v1/product/getproducts
2025/01/24 19:09:03 Requested URL before processing = /api/v1/product/getproducts
2025/01/24 19:09:03 After = /api/v1/product/getproducts
2025/01/24 19:09:03 After = /api/v1/product/getproducts
2025/01/24 19:12:33 Requested URL before processing = /api/v1/product/getproducts
2025/01/24 19:12:33 Requested URL before processing = /api/v1/product/getproducts
2025/01/24 19:12:33 After = /api/v1/product/getproducts
2025/01/24 19:12:33 After = /api/v1/product/getproducts
2025/01/24 19:12:42 Requested URL before processing = /api/v1/product/getproducts
2025/01/24 19:12:42 Requested URL before processing = /api/v1/product/getproducts
2025/01/24 19:12:42 After = /api/v1/product/getproducts
2025/01/24 19:12:42 After = /api/v1/product/getproducts
2025/01/24 19:12:45 Requested URL before processing = /api/v1/product/getproducts
2025/01/24 19:12:45 Requested URL before processing = /api/v1/product/getproducts
2025/01/24 19:12:45 After = /api/v1/product/getproducts
2025/01/24 19:12:45 After = /api/v1/product/getproducts
2025/01/24 19:12:59 Requested URL before processing = /api/v1/product/getproducts
2025/01/24 19:12:59 Requested URL before processing = /api/v1/product/getproducts
2025/01/24 19:12:59 After = /api/v1/product/getproducts
2025/01/24 19:12:59 After = /api/v1/product/getproducts
2025/01/24 19:17:13 Requested URL before processing = /api/v1/auth/signin
2025/01/24 19:17:13 After = /api/v1/auth/signin
2025/01/24 19:19:45 Shutdown Server ...
2025/01/24 19:19:45 Shutting down db connection pool
2025/01/24 19:19:50 timeout of 5 seconds.
2025/01/24 19:19:50 Server exiting
2025/01/24 19:20:41 Host Venugopals-MacBook-Air.local, Page/Block size =16384 
2025/01/24 19:20:41 Setting up file server and api handlers
2025/01/24 19:20:41 Application is available at Host: Venugopals-MacBook-Air.local and  Port=2024
2025/01/24 19:21:02 Requested URL before processing = /api/v1/auth/signin
2025/01/24 19:21:02 After = /api/v1/auth/signin
2025/01/24 19:22:54 Requested URL before processing = /api/v1/auth/signin
2025/01/24 19:22:54 After = /api/v1/auth/signin
2025/01/24 19:28:14 Requested URL before processing = /api/v1/auth/signin
2025/01/24 19:28:14 After = /api/v1/auth/signin
2025/01/24 19:32:52 Requested URL before processing = /api/v1/auth/signin
2025/01/24 19:32:52 Requested URL before processing = /api/v1/auth/signin
2025/01/24 19:32:52 After = /api/v1/auth/signin
2025/01/24 19:32:52 After = /api/v1/auth/signin
2025/01/24 19:33:27 Requested URL before processing = /api/v1/auth/signin
2025/01/24 19:33:27 Requested URL before processing = /api/v1/auth/signin
2025/01/24 19:33:27 After = /api/v1/auth/signin
2025/01/24 19:33:27 After = /api/v1/auth/signin
2025/01/24 19:34:45 Requested URL before processing = /api/v1/auth/signin
2025/01/24 19:34:45 Requested URL before processing = /api/v1/auth/signin
2025/01/24 19:34:45 After = /api/v1/auth/signin
2025/01/24 19:34:45 After = /api/v1/auth/signin
2025/01/24 19:38:22 Requested URL before processing = /api/v1/auth/signin
2025/01/24 19:38:22 Requested URL before processing = /api/v1/auth/signin
2025/01/24 19:38:22 After = /api/v1/auth/signin
2025/01/24 19:38:22 After = /api/v1/auth/signin
2025/01/24 19:40:19 Shutdown Server ...
2025/01/24 19:40:19 Shutting down db connection pool
2025/01/24 19:40:24 timeout of 5 seconds.
2025/01/24 19:40:24 Server exiting
2025/01/24 19:40:27 Host Venugopals-MacBook-Air.local, Page/Block size =16384 
2025/01/24 19:40:27 Setting up file server and api handlers
2025/01/24 19:40:27 Application is available at Host: Venugopals-MacBook-Air.local and  Port=2024
2025/01/24 19:41:14 Requested URL before processing = /api/v1/product/getproducts
2025/01/24 19:41:14 Requested URL before processing = /api/v1/product/getproducts
2025/01/24 19:41:14 After = /api/v1/product/getproducts
2025/01/24 19:41:14 After = /api/v1/product/getproducts
2025/01/24 19:41:16 Requested URL before processing = /api/v1/auth/signin
2025/01/24 19:41:16 &{  }
2025/01/24 19:41:16 Requested URL before processing = /api/v1/auth/signin
2025/01/24 19:41:16 &{  }
2025/01/24 19:41:16 After = /api/v1/auth/signin
2025/01/24 19:41:16 After = /api/v1/auth/signin
2025/01/24 19:41:29 Requested URL before processing = /api/v1/auth/signin
2025/01/24 19:41:29 &{  }
2025/01/24 19:41:29 Requested URL before processing = /api/v1/auth/signin
2025/01/24 19:41:29 &{  }
2025/01/24 19:41:29 After = /api/v1/auth/signin
2025/01/24 19:41:29 After = /api/v1/auth/signin
2025/01/24 19:43:00 Requested URL before processing = /api/v1/auth/signin
2025/01/24 19:43:00 Requested URL before processing = /api/v1/auth/signin
2025/01/24 19:43:00 &{  }
2025/01/24 19:43:00 &{  }
2025/01/24 19:43:00 After = /api/v1/auth/signin
2025/01/24 19:43:00 After = /api/v1/auth/signin
2025/01/24 19:44:25 Requested URL before processing = /api/v1/auth/signin
2025/01/24 19:44:25 &{  }
2025/01/24 19:44:25 After = /api/v1/auth/signin
2025/01/24 19:46:00 Requested URL before processing = /api/v1/auth/signin
2025/01/24 19:46:00 &{venugopal Reddy }
2025/01/24 19:46:00 After = /api/v1/auth/signin
2025/01/24 19:55:38 Requested URL before processing = /api/v1/auth/signin
2025/01/24 19:55:38 &{venugopal@ecom.com ecom#24 }
2025/01/24 19:55:38 After = /api/v1/auth/signin
2025/01/24 21:11:33 Requested URL before processing = /api/v1/auth/signin
2025/01/24 21:11:33 &{venugopal@ecom.com ecom#24 }
2025/01/24 21:11:33 After = /api/v1/auth/signin
2025/01/24 21:27:19 Requested URL before processing = /api/v1/auth/signin
2025/01/24 21:27:19 &{venugopal@ecom.com ecom#24 }
2025/01/24 21:27:19 After = /api/v1/auth/signin
2025/01/24 21:28:18 Requested URL before processing = /api/v1/auth/signin
2025/01/24 21:28:18 &{venugopal@ecom.com ecom#24 }
2025/01/24 21:28:19 After = /api/v1/auth/signin
2025/01/24 21:38:42 Requested URL before processing = /api/v1/product/getproducts
2025/01/24 21:38:42 Requested URL before processing = /api/v1/product/getproducts
2025/01/24 21:38:42 After = /api/v1/product/getproducts
2025/01/24 21:38:42 After = /api/v1/product/getproducts
2025/01/24 21:38:48 Requested URL before processing = /api/v1/product/getproducts
2025/01/24 21:38:48 After = /api/v1/product/getproducts
2025/01/24 21:38:48 Requested URL before processing = /api/v1/product/getproducts
2025/01/24 21:38:48 After = /api/v1/product/getproducts
2025/01/24 21:40:03 Requested URL before processing = /api/v1/product/getproducts
2025/01/24 21:40:03 After = /api/v1/product/getproducts
2025/01/24 21:40:03 Requested URL before processing = /api/v1/product/getproducts
2025/01/24 21:40:03 After = /api/v1/product/getproducts
2025/01/24 21:45:28 Requested URL before processing = /api/v1/auth/signin
2025/01/24 21:45:28 &{venugopal@ecom.com ecom#24 }
2025/01/24 21:45:28 After = /api/v1/auth/signin
2025/01/24 21:47:50 Requested URL before processing = /api/v1/auth/signin
2025/01/24 21:47:50 &{venugopal@ecom.com ecom#24 }
2025/01/24 21:47:50 After = /api/v1/auth/signin
2025/01/24 21:48:38 Requested URL before processing = /api/v1/product/getproducts
2025/01/24 21:48:38 Requested URL before processing = /api/v1/product/getproducts
2025/01/24 21:48:38 After = /api/v1/product/getproducts
2025/01/24 21:48:38 After = /api/v1/product/getproducts
2025/01/24 21:48:53 Requested URL before processing = /api/v1/auth/signin
2025/01/24 21:48:53 &{venugopal@ecom.com ecom#24 }
2025/01/24 21:48:53 After = /api/v1/auth/signin
2025/01/24 21:54:29 Requested URL before processing = /api/v1/auth/signin
2025/01/24 21:54:29 &{venugopal@ecom.com ecom#24 }
2025/01/24 21:54:29 After = /api/v1/auth/signin
2025/01/24 21:56:45 Requested URL before processing = /api/v1/auth/signin
2025/01/24 21:56:45 &{venugopal@ecom.com ecom#24 }
2025/01/24 21:56:45 After = /api/v1/auth/signin
2025/01/24 21:56:53 Requested URL before processing = /api/v1/auth/signin
2025/01/24 21:56:53 &{venugopal@ecom.com ecom#24 }
2025/01/24 21:56:53 After = /api/v1/auth/signin
2025/01/24 21:58:52 Requested URL before processing = /api/v1/auth/signin
2025/01/24 21:58:52 &{venugopal@ecom.com ecom#24 }
2025/01/24 21:58:52 After = /api/v1/auth/signin
2025/01/24 21:59:00 Requested URL before processing = /api/v1/auth/signin
2025/01/24 21:59:00 &{venugopal@ecom.com ecom#24 }
2025/01/24 21:59:00 After = /api/v1/auth/signin
2025/01/24 22:01:08 Requested URL before processing = /api/v1/auth/signin
2025/01/24 22:01:08 &{venugopal@ecom.com ecom#24 }
2025/01/24 22:01:08 After = /api/v1/auth/signin
2025/01/24 22:06:32 Requested URL before processing = /api/v1/auth/signin
2025/01/24 22:06:32 &{venugopal@ecom.com ecom#24 }
2025/01/24 22:06:32 After = /api/v1/auth/signin
2025/01/24 22:13:58 Requested URL before processing = /api/v1/auth/signin
2025/01/24 22:13:58 &{venugopal@ecom.com ecom#24 }
2025/01/24 22:13:58 After = /api/v1/auth/signin
2025/01/24 22:13:58 Requested URL before processing = /api/v1/product/getproducts
2025/01/24 22:13:58 Requested URL before processing = /api/v1/product/getproducts
2025/01/24 22:13:58 After = /api/v1/product/getproducts
2025/01/24 22:13:58 After = /api/v1/product/getproducts
2025/01/24 22:14:54 Requested URL before processing = /api/v1/product/getproducts
2025/01/24 22:14:54 Requested URL before processing = /api/v1/product/getproducts
2025/01/24 22:14:54 After = /api/v1/product/getproducts
2025/01/24 22:14:54 After = /api/v1/product/getproducts
2025/01/24 22:14:58 Requested URL before processing = /api/v1/auth/signin
2025/01/24 22:14:58 &{venugopal@ecom.com ecom#24 }
2025/01/24 22:14:58 After = /api/v1/auth/signin
2025/01/24 22:14:58 Requested URL before processing = /api/v1/product/getproducts
2025/01/24 22:14:58 Requested URL before processing = /api/v1/product/getproducts
2025/01/24 22:14:58 After = /api/v1/product/getproducts
2025/01/24 22:14:58 After = /api/v1/product/getproducts
2025/01/24 22:15:04 Requested URL before processing = /api/v1/product/getproducts
2025/01/24 22:15:04 After = /api/v1/product/getproducts
2025/01/24 22:15:04 Requested URL before processing = /api/v1/product/getproducts
2025/01/24 22:15:04 After = /api/v1/product/getproducts
2025/01/24 22:15:30 Requested URL before processing = /api/v1/product/getproducts
2025/01/24 22:15:30 Requested URL before processing = /api/v1/product/getproducts
2025/01/24 22:15:30 After = /api/v1/product/getproducts
2025/01/24 22:15:30 After = /api/v1/product/getproducts
2025/01/24 22:15:34 Requested URL before processing = /api/v1/auth/signin
2025/01/24 22:15:34 &{venugopal@ecom.com ecom#24 }
2025/01/24 22:15:34 After = /api/v1/auth/signin
2025/01/24 22:15:34 Requested URL before processing = /api/v1/product/getproducts
2025/01/24 22:15:34 After = /api/v1/product/getproducts
2025/01/24 22:15:34 Requested URL before processing = /api/v1/product/getproducts
2025/01/24 22:15:34 After = /api/v1/product/getproducts
2025/01/24 22:16:15 Requested URL before processing = /api/v1/product/getproducts
2025/01/24 22:16:15 Requested URL before processing = /api/v1/product/getproducts
2025/01/24 22:16:15 After = /api/v1/product/getproducts
2025/01/24 22:16:15 After = /api/v1/product/getproducts
2025/01/24 22:16:23 Requested URL before processing = /api/v1/product/getproducts
2025/01/24 22:16:23 After = /api/v1/product/getproducts
2025/01/24 22:16:23 Requested URL before processing = /api/v1/product/getproducts
2025/01/24 22:16:23 After = /api/v1/product/getproducts
2025/01/24 22:18:22 Requested URL before processing = /api/v1/product/getproducts
2025/01/24 22:18:22 Requested URL before processing = /api/v1/product/getproducts
2025/01/24 22:18:22 After = /api/v1/product/getproducts
2025/01/24 22:18:22 After = /api/v1/product/getproducts
2025/01/24 22:20:47 Requested URL before processing = /api/v1/auth/signin
2025/01/24 22:20:47 &{venugopal@ecom.com ecom#24 }
2025/01/24 22:20:48 After = /api/v1/auth/signin
2025/01/24 22:20:48 Requested URL before processing = /api/v1/product/getproducts
2025/01/24 22:20:48 After = /api/v1/product/getproducts
2025/01/24 22:20:48 Requested URL before processing = /api/v1/product/getproducts
2025/01/24 22:20:48 After = /api/v1/product/getproducts
2025/01/24 22:21:35 Requested URL before processing = /api/v1/product/getproducts
2025/01/24 22:21:35 After = /api/v1/product/getproducts
2025/01/24 22:23:01 Requested URL before processing = /api/v1/product/getproducts
2025/01/24 22:23:01 After = /api/v1/product/getproducts
2025/01/24 22:26:43 Requested URL before processing = /api/v1/product/getproducts
2025/01/24 22:26:43 Requested URL before processing = /api/v1/product/getproducts
2025/01/24 22:26:43 After = /api/v1/product/getproducts
2025/01/24 22:26:43 After = /api/v1/product/getproducts
2025/01/24 22:26:50 Requested URL before processing = /api/v1/product/getproducts
2025/01/24 22:26:50 After = /api/v1/product/getproducts
2025/01/24 22:26:50 Requested URL before processing = /api/v1/product/getproducts
2025/01/24 22:26:50 After = /api/v1/product/getproducts
2025/01/24 22:26:56 Requested URL before processing = /api/v1/product/getproducts
2025/01/24 22:26:56 After = /api/v1/product/getproducts
2025/01/24 22:26:56 Requested URL before processing = /api/v1/product/getproducts
2025/01/24 22:26:56 After = /api/v1/product/getproducts
2025/01/24 22:27:01 Requested URL before processing = /api/v1/product/getproducts
2025/01/24 22:27:01 Requested URL before processing = /api/v1/product/getproducts
2025/01/24 22:27:01 After = /api/v1/product/getproducts
2025/01/24 22:27:01 After = /api/v1/product/getproducts
2025/01/24 22:27:29 Requested URL before processing = /api/v1/product/getproducts
2025/01/24 22:27:29 After = /api/v1/product/getproducts
2025/01/24 22:27:29 Requested URL before processing = /api/v1/product/getproducts
2025/01/24 22:27:29 After = /api/v1/product/getproducts
2025/01/24 22:27:40 Requested URL before processing = /api/v1/auth/signin
2025/01/24 22:27:40 &{venugopal@ecom.com ecom#24 }
2025/01/24 22:27:40 After = /api/v1/auth/signin
2025/01/24 22:27:40 Requested URL before processing = /api/v1/product/getproducts
2025/01/24 22:27:40 After = /api/v1/product/getproducts
2025/01/24 22:27:40 Requested URL before processing = /api/v1/product/getproducts
2025/01/24 22:27:40 After = /api/v1/product/getproducts
2025/01/24 22:27:54 Requested URL before processing = /api/v1/product/getproducts
2025/01/24 22:27:54 After = /api/v1/product/getproducts
2025/01/24 22:27:54 Requested URL before processing = /api/v1/product/getproducts
2025/01/24 22:27:54 After = /api/v1/product/getproducts
2025/01/24 22:37:28 Requested URL before processing = /api/v1/product/getproducts
2025/01/24 22:37:28 Requested URL before processing = /api/v1/product/getproducts
2025/01/24 22:37:28 After = /api/v1/product/getproducts
2025/01/24 22:37:28 After = /api/v1/product/getproducts
2025/01/24 22:42:44 Requested URL before processing = /api/v1/product/getproducts
2025/01/24 22:42:44 After = /api/v1/product/getproducts
2025/01/24 22:42:44 Requested URL before processing = /api/v1/product/getproducts
2025/01/24 22:42:44 After = /api/v1/product/getproducts
2025/01/24 22:42:53 Requested URL before processing = /api/v1/product/getproducts
2025/01/24 22:42:53 Requested URL before processing = /api/v1/product/getproducts
2025/01/24 22:42:53 After = /api/v1/product/getproducts
2025/01/24 22:42:53 After = /api/v1/product/getproducts
2025/01/24 22:43:24 Requested URL before processing = /api/v1/auth/signin
2025/01/24 22:43:24 &{venugopal@ecom.com ecom#24 }
2025/01/24 22:43:24 After = /api/v1/auth/signin
2025/01/24 22:43:24 Requested URL before processing = /api/v1/product/getproducts
2025/01/24 22:43:24 After = /api/v1/product/getproducts
2025/01/24 22:43:24 Requested URL before processing = /api/v1/product/getproducts
2025/01/24 22:43:24 After = /api/v1/product/getproducts
2025/01/24 22:43:38 Requested URL before processing = /api/v1/product/getproducts
2025/01/24 22:43:38 After = /api/v1/product/getproducts
2025/01/24 22:43:38 Requested URL before processing = /api/v1/product/getproducts
2025/01/24 22:43:38 After = /api/v1/product/getproducts
2025/01/24 22:44:30 Requested URL before processing = /api/v1/product/getproducts
2025/01/24 22:44:30 Requested URL before processing = /api/v1/product/getproducts
2025/01/24 22:44:30 After = /api/v1/product/getproducts
2025/01/24 22:44:30 After = /api/v1/product/getproducts
2025/01/24 22:44:50 Requested URL before processing = /api/v1/auth/signin
2025/01/24 22:44:50 &{venugopal@ecom.com ecom#24 }
2025/01/24 22:44:50 After = /api/v1/auth/signin
2025/01/24 22:44:50 Requested URL before processing = /api/v1/product/getproducts
2025/01/24 22:44:50 Requested URL before processing = /api/v1/product/getproducts
2025/01/24 22:44:50 After = /api/v1/product/getproducts
2025/01/24 22:44:50 After = /api/v1/product/getproducts
2025/01/25 10:38:58 Requested URL before processing = /api/v1/product/getproducts
2025/01/25 10:38:58 Requested URL before processing = /api/v1/product/getproducts
2025/01/25 10:38:58 After = /api/v1/product/getproducts
2025/01/25 10:38:58 After = /api/v1/product/getproducts
2025/01/25 10:54:18 Requested URL before processing = /api/v1/auth/signin
2025/01/25 10:54:18 &{venugopal@ecom.com ecom#24 }
2025/01/25 10:54:19 After = /api/v1/auth/signin
2025/01/25 10:54:19 Requested URL before processing = /api/v1/product/getproducts
2025/01/25 10:54:19 Requested URL before processing = /api/v1/product/getproducts
2025/01/25 10:54:19 After = /api/v1/product/getproducts
2025/01/25 10:54:19 After = /api/v1/product/getproducts
2025/01/25 10:54:27 Requested URL before processing = /api/v1/product/getproducts
2025/01/25 10:54:27 Requested URL before processing = /api/v1/product/getproducts
2025/01/25 10:54:27 After = /api/v1/product/getproducts
2025/01/25 10:54:27 After = /api/v1/product/getproducts
2025/01/25 11:09:38 Requested URL before processing = /api/v1/product/getproducts
2025/01/25 11:09:38 Requested URL before processing = /api/v1/product/getproducts
2025/01/25 11:09:38 After = /api/v1/product/getproducts
2025/01/25 11:09:38 After = /api/v1/product/getproducts
2025/01/25 11:10:22 Request path is : /api/v1/customer/info/21
2025/01/25 11:10:22 Authorization : 
2025/01/25 11:10:40 Request path is : /api/v1/customer/info/21
2025/01/25 11:10:40 Authorization : 
2025/01/25 11:13:20 Shutdown Server ...
2025/01/25 11:13:20 Shutting down db connection pool
2025/01/25 11:13:25 timeout of 5 seconds.
2025/01/25 11:13:25 Server exiting
2025/01/25 11:16:29 Host Venugopals-MacBook-Air.local, Page/Block size =16384 
2025/01/25 11:16:29 Setting up file server and api handlers
2025/01/25 11:16:29 Application is available at Host: Venugopals-MacBook-Air.local and  Port=2024
2025/01/25 11:16:38 Request path is : /api/v1/customer/info/21
2025/01/25 11:16:38 Token doesn't exist
2025/01/25 11:17:01 Shutdown Server ...
2025/01/25 11:17:01 Shutting down db connection pool
2025/01/25 11:17:06 timeout of 5 seconds.
2025/01/25 11:17:06 Server exiting
2025/01/25 11:17:40 Host Venugopals-MacBook-Air.local, Page/Block size =16384 
2025/01/25 11:17:40 Setting up file server and api handlers
2025/01/25 11:17:40 Application is available at Host: Venugopals-MacBook-Air.local and  Port=2024
2025/01/25 11:17:50 Request path is : /api/v1/customer/info/21
2025/01/25 11:17:50 Token doesn't exist
2025/01/25 12:27:31 Requested URL before processing = /api/v1/product/getproducts
2025/01/25 12:27:31 Requested URL before processing = /api/v1/product/getproducts
2025/01/25 12:27:31 After = /api/v1/product/getproducts
2025/01/25 12:27:31 After = /api/v1/product/getproducts
2025/01/25 12:28:06 Requested URL before processing = /api/v1/product/getproducts
2025/01/25 12:28:06 Requested URL before processing = /api/v1/product/getproducts
2025/01/25 12:28:06 After = /api/v1/product/getproducts
2025/01/25 12:28:06 After = /api/v1/product/getproducts
2025/01/25 12:31:30 Requested URL before processing = /api/v1/auth/signin
2025/01/25 12:31:30 &{venugopal@ecom.com ecom#24 }
2025/01/25 12:31:30 After = /api/v1/auth/signin
2025/01/25 12:31:30 Requested URL before processing = /api/v1/product/getproducts
2025/01/25 12:31:30 After = /api/v1/product/getproducts
2025/01/25 12:31:30 Requested URL before processing = /api/v1/product/getproducts
2025/01/25 12:31:30 After = /api/v1/product/getproducts
2025/01/25 12:42:55 Request path is : /api/v1/customer/info/21
2025/01/25 12:42:55 Token doesn't exist
2025/01/25 12:44:50 Requested URL before processing = /api/v1/product/getproducts
2025/01/25 12:44:50 Requested URL before processing = /api/v1/product/getproducts
2025/01/25 12:44:50 After = /api/v1/product/getproducts
2025/01/25 12:44:50 After = /api/v1/product/getproducts
2025/01/25 12:45:09 Requested URL before processing = /api/v1/product/getproducts
2025/01/25 12:45:09 Requested URL before processing = /api/v1/product/getproducts
2025/01/25 12:45:09 After = /api/v1/product/getproducts
2025/01/25 12:45:09 After = /api/v1/product/getproducts
2025/01/25 12:45:20 Requested URL before processing = /api/v1/product/getproducts
2025/01/25 12:45:20 Requested URL before processing = /api/v1/product/getproducts
2025/01/25 12:45:20 After = /api/v1/product/getproducts
2025/01/25 12:45:20 After = /api/v1/product/getproducts
2025/01/25 12:46:43 Requested URL before processing = /api/v1/product/getproducts
2025/01/25 12:46:43 Requested URL before processing = /api/v1/product/getproducts
2025/01/25 12:46:43 After = /api/v1/product/getproducts
2025/01/25 12:46:43 After = /api/v1/product/getproducts
2025/01/25 12:55:37 Requested URL before processing = /api/v1/product/getproducts
2025/01/25 12:55:37 Requested URL before processing = /api/v1/product/getproducts
2025/01/25 12:55:37 After = /api/v1/product/getproducts
2025/01/25 12:55:37 After = /api/v1/product/getproducts
2025/01/25 13:01:57 Requested URL before processing = /api/v1/product/getproducts
2025/01/25 13:01:57 Requested URL before processing = /api/v1/product/getproducts
2025/01/25 13:01:57 After = /api/v1/product/getproducts
2025/01/25 13:01:57 After = /api/v1/product/getproducts
2025/01/25 13:03:34 Requested URL before processing = /api/v1/product/getproducts
2025/01/25 13:03:34 Requested URL before processing = /api/v1/product/getproducts
2025/01/25 13:03:34 After = /api/v1/product/getproducts
2025/01/25 13:03:34 After = /api/v1/product/getproducts
2025/01/25 13:33:37 Requested URL before processing = /api/v1/product/getproducts
2025/01/25 13:33:37 Requested URL before processing = /api/v1/product/getproducts
2025/01/25 13:33:37 After = /api/v1/product/getproducts
2025/01/25 13:33:37 After = /api/v1/product/getproducts
2025/01/25 13:33:48 Requested URL before processing = /api/v1/product/getproducts
2025/01/25 13:33:48 After = /api/v1/product/getproducts
2025/01/25 13:33:48 Requested URL before processing = /api/v1/product/getproducts
2025/01/25 13:33:48 After = /api/v1/product/getproducts
2025/01/25 13:34:05 Requested URL before processing = /api/v1/auth/signin
2025/01/25 13:34:05 &{venugopal@ecom.com ecom#24 }
2025/01/25 13:34:05 After = /api/v1/auth/signin
2025/01/25 13:34:05 Requested URL before processing = /api/v1/product/getproducts
2025/01/25 13:34:05 After = /api/v1/product/getproducts
2025/01/25 13:34:05 Requested URL before processing = /api/v1/product/getproducts
2025/01/25 13:34:05 After = /api/v1/product/getproducts
2025/01/25 13:34:14 Requested URL before processing = /api/v1/product/getproducts
2025/01/25 13:34:14 After = /api/v1/product/getproducts
2025/01/25 13:34:14 Requested URL before processing = /api/v1/product/getproducts
2025/01/25 13:34:14 After = /api/v1/product/getproducts
2025/01/25 13:34:58 Requested URL before processing = /api/v1/product/getproducts
2025/01/25 13:34:58 After = /api/v1/product/getproducts
2025/01/25 13:36:09 Requested URL before processing = /api/v1/product/getproducts
2025/01/25 13:36:09 After = /api/v1/product/getproducts
2025/01/25 13:37:48 Requested URL before processing = /api/v1/product/getproducts
2025/01/25 13:37:48 After = /api/v1/product/getproducts
2025/01/25 13:37:55 Requested URL before processing = /api/v1/product/getproducts
2025/01/25 13:37:55 After = /api/v1/product/getproducts
2025/01/25 13:38:40 Requested URL before processing = /api/v1/product/getproducts
2025/01/25 13:38:40 After = /api/v1/product/getproducts
2025/01/25 13:42:14 Requested URL before processing = /api/v1/product/getproducts
2025/01/25 13:42:14 Requested URL before processing = /api/v1/product/getproducts
2025/01/25 13:42:14 After = /api/v1/product/getproducts
2025/01/25 13:42:14 After = /api/v1/product/getproducts
2025/01/25 13:43:56 Requested URL before processing = /api/v1/product/getproducts
2025/01/25 13:43:56 After = /api/v1/product/getproducts
2025/01/25 13:43:56 Requested URL before processing = /api/v1/product/getproducts
2025/01/25 13:43:56 After = /api/v1/product/getproducts
2025/01/25 13:45:07 Requested URL before processing = /api/v1/product/getproducts
2025/01/25 13:45:07 After = /api/v1/product/getproducts
2025/01/25 13:45:08 Requested URL before processing = /api/v1/product/getproducts
2025/01/25 13:45:08 After = /api/v1/product/getproducts
2025/01/25 13:45:11 Requested URL before processing = /api/v1/product/getproducts
2025/01/25 13:45:11 After = /api/v1/product/getproducts
2025/01/25 13:45:19 Requested URL before processing = /api/v1/product/getproducts
2025/01/25 13:45:19 After = /api/v1/product/getproducts
2025/01/25 13:46:16 Requested URL before processing = /api/v1/product/getproducts
2025/01/25 13:46:16 After = /api/v1/product/getproducts
2025/01/25 13:46:46 Requested URL before processing = /api/v1/product/getproducts
2025/01/25 13:46:46 After = /api/v1/product/getproducts
2025/01/25 13:46:49 Requested URL before processing = /api/v1/product/getproducts
2025/01/25 13:46:49 After = /api/v1/product/getproducts
2025/01/25 13:46:50 Requested URL before processing = /api/v1/product/getproducts
2025/01/25 13:46:50 After = /api/v1/product/getproducts
2025/01/25 13:48:12 Requested URL before processing = /api/v1/auth/signin
2025/01/25 13:48:12 &{venugopal@ecom.com ecom#24 }
2025/01/25 13:48:12 After = /api/v1/auth/signin
2025/01/25 13:48:49 Requested URL before processing = /api/v1/product/getproducts
2025/01/25 13:48:49 After = /api/v1/product/getproducts
2025/01/25 13:52:07 Requested URL before processing = /api/v1/product/getproducts
2025/01/25 13:52:07 Requested URL before processing = /api/v1/product/getproducts
2025/01/25 13:52:07 After = /api/v1/product/getproducts
2025/01/25 13:52:07 After = /api/v1/product/getproducts
2025/01/25 14:19:41 Requested URL before processing = /api/v1/auth/signin
2025/01/25 14:19:41 &{venugopal@ecom.com ecom#24 }
2025/01/25 14:19:41 After = /api/v1/auth/signin
2025/01/25 14:23:28 Requested URL before processing = /api/v1/auth/signin
2025/01/25 14:23:28 &{venugopal@ecom.com ecom#24 }
2025/01/25 14:23:28 After = /api/v1/auth/signin
2025/01/25 14:24:37 Requested URL before processing = /api/v1/auth/signin
2025/01/25 14:24:37 &{venugopal@ecom.com ecom#24 }
2025/01/25 14:24:37 After = /api/v1/auth/signin
2025/01/25 14:27:18 Requested URL before processing = /api/v1/auth/signin
2025/01/25 14:27:18 &{venugopal@ecom.com ecom#24 }
2025/01/25 14:27:18 After = /api/v1/auth/signin
2025/01/25 14:27:36 Requested URL before processing = /api/v1/auth/signin
2025/01/25 14:27:36 &{venugopal@ecom.com ecom#24 }
2025/01/25 14:27:36 After = /api/v1/auth/signin
2025/01/25 14:27:57 Requested URL before processing = /api/v1/auth/signin
2025/01/25 14:27:57 &{venugopal@ecom.com ecom#24 }
2025/01/25 14:27:57 After = /api/v1/auth/signin
2025/01/25 14:32:40 Shutdown Server ...
2025/01/25 14:32:40 Shutting down db connection pool
2025/01/25 14:32:45 timeout of 5 seconds.
2025/01/25 14:32:45 Server exiting
2025/01/25 18:13:44 Host Venugopals-MacBook-Air.local, Page/Block size =16384 
2025/01/25 18:13:44 Setting up file server and api handlers
2025/01/25 18:13:44 Application is available at Host: Venugopals-MacBook-Air.local and  Port=2024
2025/01/25 18:14:46 Requested URL before processing = /api/v1/auth/signin
2025/01/25 18:14:46 &{venugopal@ecom.com ecom#24 }
2025/01/25 18:14:46 After = /api/v1/auth/signin
2025/01/25 18:15:06 Requested URL before processing = /api/v1/auth/signin
2025/01/25 18:15:06 &{venugopal@ecom.com ecom#24 }
2025/01/25 18:15:06 After = /api/v1/auth/signin
2025/01/25 18:15:32 Requested URL before processing = /api/v1/product/getproducts
2025/01/25 18:15:32 After = /api/v1/product/getproducts
2025/01/25 18:17:56 Requested URL before processing = /api/v1/product/getproducts
2025/01/25 18:17:56 After = /api/v1/product/getproducts
2025/01/25 18:25:14 Requested URL before processing = /api/v1/product/getproducts
2025/01/25 18:25:14 After = /api/v1/product/getproducts
2025/01/25 18:29:43 Requested URL before processing = /api/v1/product/getproducts
2025/01/25 18:29:43 After = /api/v1/product/getproducts
2025/01/25 18:32:03 Requested URL before processing = /api/v1/auth/signin
2025/01/25 18:32:03 &{venugopal@ecom.com ecom#24 }
2025/01/25 18:32:03 After = /api/v1/auth/signin
2025/01/25 18:41:42 Requested URL before processing = /api/v1/auth/signin
2025/01/25 18:41:42 &{venugopal@ecom.com ecom#24 }
2025/01/25 18:41:42 After = /api/v1/auth/signin
2025/01/25 18:42:04 Requested URL before processing = /api/v1/auth/signin
2025/01/25 18:42:04 &{venugopal@ecom.com ecom#24 }
2025/01/25 18:42:04 After = /api/v1/auth/signin
2025/01/25 18:42:56 Requested URL before processing = /api/v1/auth/signin
2025/01/25 18:42:56 &{venugopal@ecom.com ecom#24 }
2025/01/25 18:42:56 After = /api/v1/auth/signin
2025/01/25 18:43:19 Requested URL before processing = /api/v1/auth/signin
2025/01/25 18:43:19 &{venugopal ecom#24 }
2025/01/25 18:43:19 After = /api/v1/auth/signin
2025/01/25 19:08:35 Requested URL before processing = /api/v1/auth/signin
2025/01/25 19:08:35 &{venugopal@ecom.com ecom#24 }
2025/01/25 19:08:35 After = /api/v1/auth/signin
2025/01/25 19:08:38 Requested URL before processing = /api/v1/product/getproducts
2025/01/25 19:08:38 After = /api/v1/product/getproducts
2025/01/25 19:08:54 Requested URL before processing = /api/v1/auth/signin
2025/01/25 19:08:54 &{venugopal@ecom.com ecom#24 }
2025/01/25 19:08:54 After = /api/v1/auth/signin
2025/01/25 19:08:56 Requested URL before processing = /api/v1/product/getproducts
2025/01/25 19:08:56 After = /api/v1/product/getproducts
2025/01/25 19:54:00 Requested URL before processing = /api/v1/product/getproducts
2025/01/25 19:54:00 After = /api/v1/product/getproducts
2025/01/25 19:58:30 Requested URL before processing = /api/v1/auth/signin
2025/01/25 19:58:30 &{venugopal@ecom.com ecom#24 }
2025/01/25 19:58:30 After = /api/v1/auth/signin
2025/01/25 19:58:59 Requested URL before processing = /api/v1/auth/signin
2025/01/25 19:58:59 &{venugopal@ecom.com ecom#24 }
2025/01/25 19:58:59 After = /api/v1/auth/signin
2025/01/25 19:59:00 Requested URL before processing = /api/v1/auth/signin
2025/01/25 19:59:00 &{venugopal@ecom.com ecom#24 }
2025/01/25 19:59:00 After = /api/v1/auth/signin
2025/01/25 20:00:05 Requested URL before processing = /api/v1/auth/signin
2025/01/25 20:00:05 &{venugopal@ecom.com ecom#24 }
2025/01/25 20:00:05 After = /api/v1/auth/signin
2025/01/25 20:00:12 Requested URL before processing = /api/v1/auth/signin
2025/01/25 20:00:12 &{venugopal@ecom.com ecom#24 }
2025/01/25 20:00:12 After = /api/v1/auth/signin
2025/01/25 20:02:50 Requested URL before processing = /api/v1/auth/signin
2025/01/25 20:02:50 &{venugopal@ecom.com ecom#24 }
2025/01/25 20:02:50 After = /api/v1/auth/signin
2025/01/25 20:06:04 Requested URL before processing = /api/v1/auth/signin
2025/01/25 20:06:04 &{venugopal@ecom.com ecom#24 }
2025/01/25 20:06:04 After = /api/v1/auth/signin
2025/01/25 20:07:59 Requested URL before processing = /api/v1/product/getproducts
2025/01/25 20:07:59 After = /api/v1/product/getproducts
2025/01/25 20:08:55 Requested URL before processing = /api/v1/auth/signin
2025/01/25 20:08:55 &{venugopal@ecom.com ecom#24 }
2025/01/25 20:08:55 After = /api/v1/auth/signin
2025/01/25 20:09:09 Requested URL before processing = /api/v1/product/getproducts
2025/01/25 20:09:09 After = /api/v1/product/getproducts
2025/01/25 20:09:20 Requested URL before processing = /api/v1/auth/signin
2025/01/25 20:09:20 &{venugopal@ecom.com ecom#24 }
2025/01/25 20:09:20 After = /api/v1/auth/signin
2025/01/25 20:09:23 Requested URL before processing = /api/v1/product/getproducts
2025/01/25 20:09:23 After = /api/v1/product/getproducts
2025/01/25 20:12:03 Requested URL before processing = /api/v1/auth/signin
2025/01/25 20:12:03 &{venugopal@ecom.com ecom#24 }
2025/01/25 20:12:03 After = /api/v1/auth/signin
2025/01/25 20:12:14 Requested URL before processing = /api/v1/product/getproducts
2025/01/25 20:12:14 After = /api/v1/product/getproducts
2025/01/25 20:12:46 Requested URL before processing = /api/v1/auth/signin
2025/01/25 20:12:46 &{venugopal@ecom.com ecom#24 }
2025/01/25 20:12:46 After = /api/v1/auth/signin
2025/01/25 20:12:51 Requested URL before processing = /api/v1/product/getproducts
2025/01/25 20:12:51 After = /api/v1/product/getproducts
2025/01/25 20:16:32 Requested URL before processing = /api/v1/auth/signin
2025/01/25 20:16:32 &{venugopal@ecom.com ecom#24 }
2025/01/25 20:16:32 After = /api/v1/auth/signin
2025/01/25 20:19:07 Requested URL before processing = /api/v1/auth/signin
2025/01/25 20:19:07 &{venugopal@ecom.com ecom#24 }
2025/01/25 20:19:07 After = /api/v1/auth/signin
2025/01/25 20:19:10 Requested URL before processing = /api/v1/auth/signin
2025/01/25 20:19:10 &{venugopal@ecom.com ecom#24 }
2025/01/25 20:19:10 After = /api/v1/auth/signin
2025/01/25 20:19:14 Requested URL before processing = /api/v1/auth/signin
2025/01/25 20:19:14 &{venugopal@ecom.com ecom#24 }
2025/01/25 20:19:14 After = /api/v1/auth/signin
2025/01/25 20:19:15 Requested URL before processing = /api/v1/auth/signin
2025/01/25 20:19:15 &{venugopal@ecom.com ecom#24 }
2025/01/25 20:19:15 After = /api/v1/auth/signin
2025/01/25 20:19:16 Requested URL before processing = /api/v1/auth/signin
2025/01/25 20:19:16 &{venugopal@ecom.com ecom#24 }
2025/01/25 20:19:16 After = /api/v1/auth/signin
2025/01/25 20:19:17 Requested URL before processing = /api/v1/auth/signin
2025/01/25 20:19:17 &{venugopal@ecom.com ecom#24 }
2025/01/25 20:19:17 After = /api/v1/auth/signin
2025/01/25 20:19:33 Requested URL before processing = /api/v1/auth/signin
2025/01/25 20:19:33 &{venugopal@ecom.com ecom#24 }
2025/01/25 20:19:33 After = /api/v1/auth/signin
2025/01/25 20:22:05 Requested URL before processing = /api/v1/auth/signin
2025/01/25 20:22:05 &{venugopal@ecom.com ecom#24 }
2025/01/25 20:22:05 After = /api/v1/auth/signin
2025/01/25 20:22:07 Requested URL before processing = /api/v1/product/getproducts
2025/01/25 20:22:07 After = /api/v1/product/getproducts
2025/01/25 20:22:08 Requested URL before processing = /api/v1/product/getproducts
2025/01/25 20:22:08 After = /api/v1/product/getproducts
2025/01/25 20:23:45 Requested URL before processing = /api/v1/auth/signin
2025/01/25 20:23:45 &{venugopal@ecom.com ecom#24 }
2025/01/25 20:23:45 After = /api/v1/auth/signin
2025/01/25 20:24:58 Requested URL before processing = /api/v1/auth/signin
2025/01/25 20:24:58 &{venugopal@ecom.com ecom#24 }
2025/01/25 20:24:58 After = /api/v1/auth/signin
2025/01/25 20:26:15 Requested URL before processing = /api/v1/auth/signin
2025/01/25 20:26:15 &{venugopal@ecom.com ecom#24 }
2025/01/25 20:26:15 After = /api/v1/auth/signin
2025/01/25 20:26:17 Requested URL before processing = /api/v1/product/getproducts
2025/01/25 20:26:17 After = /api/v1/product/getproducts
2025/01/25 20:26:20 Requested URL before processing = /api/v1/auth/signin
2025/01/25 20:26:20 &{venugopal@ecom.com ecom#24 }
2025/01/25 20:26:20 After = /api/v1/auth/signin
2025/01/25 20:26:30 Requested URL before processing = /api/v1/auth/signin
2025/01/25 20:26:30 &{venugopal@ecom.com ecom#24 }
2025/01/25 20:26:30 After = /api/v1/auth/signin
2025/01/25 20:27:19 Requested URL before processing = /api/v1/auth/signin
2025/01/25 20:27:19 &{venugopal@ecom.com ecom#24 }
2025/01/25 20:27:19 After = /api/v1/auth/signin
2025/01/25 20:30:54 Requested URL before processing = /api/v1/product/getproducts
2025/01/25 20:30:54 After = /api/v1/product/getproducts
2025/01/25 20:31:24 Requested URL before processing = /api/v1/product/getproducts
2025/01/25 20:31:24 After = /api/v1/product/getproducts
2025/01/25 22:21:59 Requested URL before processing = /api/v1/auth/signin
2025/01/25 22:21:59 &{venugopal@ecom.com ecom#24 }
2025/01/25 22:21:59 After = /api/v1/auth/signin
2025/01/25 22:22:00 Requested URL before processing = /api/v1/auth/signin
2025/01/25 22:22:00 &{venugopal@ecom.com ecom#24 }
2025/01/25 22:22:00 After = /api/v1/auth/signin
2025/01/25 22:22:00 Requested URL before processing = /api/v1/auth/signin
2025/01/25 22:22:00 &{venugopal@ecom.com ecom#24 }
2025/01/25 22:22:00 After = /api/v1/auth/signin
2025/01/25 22:22:07 Requested URL before processing = /api/v1/auth/signin
2025/01/25 22:22:07 &{venugopal@ecom.com ecom#24 }
2025/01/25 22:22:07 After = /api/v1/auth/signin
2025/01/25 22:22:12 Requested URL before processing = /api/v1/auth/signin
2025/01/25 22:22:12 &{venugopal@ecom.com ecom#24 }
2025/01/25 22:22:12 After = /api/v1/auth/signin
2025/01/25 22:22:44 Requested URL before processing = /api/v1/auth/signin
2025/01/25 22:22:44 &{venugopal@ecom.com ecom#24 }
2025/01/25 22:22:44 After = /api/v1/auth/signin
2025/01/25 22:23:53 Requested URL before processing = /api/v1/product/getproducts
2025/01/25 22:23:53 After = /api/v1/product/getproducts
2025/01/25 22:28:29 Requested URL before processing = /api/v1/auth/signin
2025/01/25 22:28:29 &{venugopal@ecom.com ecom#24 }
2025/01/25 22:28:29 After = /api/v1/auth/signin
2025/01/25 22:28:31 Requested URL before processing = /api/v1/product/getproducts
2025/01/25 22:28:31 After = /api/v1/product/getproducts
2025/01/25 22:30:37 Requested URL before processing = /api/v1/auth/signin
2025/01/25 22:30:37 &{venugopal@ecom.com ecom#24 }
2025/01/25 22:30:37 After = /api/v1/auth/signin
2025/01/25 22:33:10 Requested URL before processing = /api/v1/auth/signin
2025/01/25 22:33:10 &{venugopal@ecom.com ecom#24 }
2025/01/25 22:33:10 After = /api/v1/auth/signin
2025/01/25 22:34:28 Requested URL before processing = /api/v1/auth/signin
2025/01/25 22:34:28 &{venugopal@ecom.com ecom#24 }
2025/01/25 22:34:28 After = /api/v1/auth/signin
2025/01/25 22:34:46 Requested URL before processing = /api/v1/product/getproducts
2025/01/25 22:34:46 After = /api/v1/product/getproducts
2025/01/25 22:35:27 Requested URL before processing = /api/v1/auth/signin
2025/01/25 22:35:27 &{venugopal@ecom.com ecom#24 }
2025/01/25 22:35:27 After = /api/v1/auth/signin
2025/01/25 22:35:38 Requested URL before processing = /api/v1/auth/signin
2025/01/25 22:35:38 &{venugopal@ecom.com ecom#24 }
2025/01/25 22:35:38 After = /api/v1/auth/signin
2025/01/25 22:36:38 Requested URL before processing = /api/v1/auth/signin
2025/01/25 22:36:38 &{venugopal@ecom.com ecom#24 }
2025/01/25 22:36:38 After = /api/v1/auth/signin
2025/01/25 22:39:28 Requested URL before processing = /api/v1/auth/signin
2025/01/25 22:39:28 &{venugopal@ecom.com ecom#24 }
2025/01/25 22:39:28 After = /api/v1/auth/signin
2025/01/25 22:39:41 Requested URL before processing = /api/v1/product/getproducts
2025/01/25 22:39:41 After = /api/v1/product/getproducts
2025/01/25 22:44:26 Requested URL before processing = /api/v1/auth/signin
2025/01/25 22:44:26 &{venugopal@ecom.com ecom#24 }
2025/01/25 22:44:26 After = /api/v1/auth/signin
2025/01/25 22:46:31 Requested URL before processing = /api/v1/auth/signin
2025/01/25 22:46:31 &{venugopal@ecom.com ecom#24 }
2025/01/25 22:46:31 After = /api/v1/auth/signin
2025/01/25 22:49:40 Requested URL before processing = /api/v1/auth/signin
2025/01/25 22:49:40 &{venugopal@ecom.com ecom#24 }
2025/01/25 22:49:40 After = /api/v1/auth/signin
2025/01/25 22:49:43 Requested URL before processing = /api/v1/auth/signin
2025/01/25 22:49:43 &{venugopal@ecom.com ecom#24 }
2025/01/25 22:49:43 After = /api/v1/auth/signin
2025/01/25 22:49:58 Requested URL before processing = /api/v1/auth/signin
2025/01/25 22:49:58 &{venugopal@ecom.com ecom#24 }
2025/01/25 22:49:58 After = /api/v1/auth/signin
2025/01/25 22:50:12 Requested URL before processing = /api/v1/auth/signin
2025/01/25 22:50:12 &{venugopal@ecom.com ecom#24 }
2025/01/25 22:50:12 After = /api/v1/auth/signin
2025/01/25 22:50:21 Requested URL before processing = /api/v1/auth/signin
2025/01/25 22:50:21 &{venugopal@ecom.com ecom#24 }
2025/01/25 22:50:21 After = /api/v1/auth/signin
2025/01/25 22:50:53 Requested URL before processing = /api/v1/auth/signin
2025/01/25 22:50:53 &{venugopal@ecom.com ecom#24 }
2025/01/25 22:50:53 After = /api/v1/auth/signin
2025/01/25 22:51:04 Requested URL before processing = /api/v1/product/getproducts
2025/01/25 22:51:04 After = /api/v1/product/getproducts
2025/01/25 22:51:13 Requested URL before processing = /api/v1/auth/signin
2025/01/25 22:51:13 &{venugopal@ecom.com ecom#24 }
2025/01/25 22:51:13 After = /api/v1/auth/signin
2025/01/25 22:51:15 Requested URL before processing = /api/v1/product/getproducts
2025/01/25 22:51:15 After = /api/v1/product/getproducts
2025/01/25 22:51:45 Requested URL before processing = /api/v1/auth/signin
2025/01/25 22:51:45 &{venugopal@ecom.com ecom#24 }
2025/01/25 22:51:45 After = /api/v1/auth/signin
2025/01/25 22:52:02 Requested URL before processing = /api/v1/auth/signin
2025/01/25 22:52:02 &{venugopal@ecom.com ecom#24 }
2025/01/25 22:52:02 After = /api/v1/auth/signin
2025/01/25 22:52:10 Requested URL before processing = /api/v1/auth/signin
2025/01/25 22:52:10 &{venugopal@ecom.com ecom#24 }
2025/01/25 22:52:10 After = /api/v1/auth/signin
2025/01/25 22:55:44 Requested URL before processing = /api/v1/auth/signin
2025/01/25 22:55:44 &{venugopal@ecom.com ecom#24 }
2025/01/25 22:55:44 After = /api/v1/auth/signin
2025/01/25 22:57:49 Requested URL before processing = /api/v1/auth/signin
2025/01/25 22:57:49 &{venugopal@ecom.com ecom#24 }
2025/01/25 22:57:49 After = /api/v1/auth/signin
2025/01/25 22:57:50 Requested URL before processing = /api/v1/auth/signin
2025/01/25 22:57:50 &{venugopal@ecom.com ecom#24 }
2025/01/25 22:57:50 After = /api/v1/auth/signin
2025/01/25 22:57:51 Requested URL before processing = /api/v1/auth/signin
2025/01/25 22:57:51 &{venugopal@ecom.com ecom#24 }
2025/01/25 22:57:51 After = /api/v1/auth/signin
2025/01/25 22:57:51 Requested URL before processing = /api/v1/auth/signin
2025/01/25 22:57:51 &{venugopal@ecom.com ecom#24 }
2025/01/25 22:57:51 After = /api/v1/auth/signin
2025/01/25 22:57:51 Requested URL before processing = /api/v1/auth/signin
2025/01/25 22:57:51 &{venugopal@ecom.com ecom#24 }
2025/01/25 22:57:51 After = /api/v1/auth/signin
2025/01/25 22:57:52 Requested URL before processing = /api/v1/auth/signin
2025/01/25 22:57:52 &{venugopal@ecom.com ecom#24 }
2025/01/25 22:57:52 After = /api/v1/auth/signin
2025/01/25 22:57:52 Requested URL before processing = /api/v1/auth/signin
2025/01/25 22:57:52 &{venugopal@ecom.com ecom#24 }
2025/01/25 22:57:52 After = /api/v1/auth/signin
2025/01/25 22:57:53 Requested URL before processing = /api/v1/auth/signin
2025/01/25 22:57:53 &{venugopal@ecom.com ecom#24 }
2025/01/25 22:57:53 After = /api/v1/auth/signin
2025/01/25 22:58:15 Requested URL before processing = /api/v1/auth/signin
2025/01/25 22:58:15 &{venugopal@ecom.com ecom#24 }
2025/01/25 22:58:15 After = /api/v1/auth/signin
2025/01/25 23:02:51 Requested URL before processing = /api/v1/auth/signin
2025/01/25 23:02:51 &{venugopal@ecom.com ecom#24 }
2025/01/25 23:02:51 After = /api/v1/auth/signin
2025/01/25 23:02:54 Requested URL before processing = /api/v1/product/getproducts
2025/01/25 23:02:54 After = /api/v1/product/getproducts
2025/01/25 23:02:58 Requested URL before processing = /api/v1/auth/signin
2025/01/25 23:02:58 &{venugopal@ecom.com ecom#24 }
2025/01/25 23:02:58 After = /api/v1/auth/signin
2025/01/25 23:03:03 Requested URL before processing = /api/v1/auth/signin
2025/01/25 23:03:03 &{venugopal@ecom.com ecom#24 }
2025/01/25 23:03:03 After = /api/v1/auth/signin
2025/01/25 23:03:10 Requested URL before processing = /api/v1/auth/signin
2025/01/25 23:03:10 &{venugopal@ecom.com ecom#24 }
2025/01/25 23:03:10 After = /api/v1/auth/signin
2025/01/25 23:03:12 Requested URL before processing = /api/v1/product/getproducts
2025/01/25 23:03:12 After = /api/v1/product/getproducts
2025/01/25 23:05:40 Requested URL before processing = /api/v1/auth/signin
2025/01/25 23:05:40 &{venugopal@ecom.com ecom#24 }
2025/01/25 23:05:40 After = /api/v1/auth/signin
2025/01/25 23:05:43 Requested URL before processing = /api/v1/auth/signin
2025/01/25 23:05:43 &{venugopal@ecom.com ecom#24 }
2025/01/25 23:05:43 After = /api/v1/auth/signin
2025/01/25 23:05:45 Requested URL before processing = /api/v1/product/getproducts
2025/01/25 23:05:45 After = /api/v1/product/getproducts
2025/01/25 23:06:59 Requested URL before processing = /api/v1/auth/signin
2025/01/25 23:06:59 &{venugopal@ecom.com ecom#24 }
2025/01/25 23:06:59 After = /api/v1/auth/signin
2025/01/25 23:07:02 Requested URL before processing = /api/v1/product/getproducts
2025/01/25 23:07:02 After = /api/v1/product/getproducts
2025/01/25 23:10:26 Requested URL before processing = /api/v1/auth/signin
2025/01/25 23:10:26 &{venugopal@ecom.com ecom#24 }
2025/01/25 23:10:26 After = /api/v1/auth/signin
2025/01/25 23:10:29 Requested URL before processing = /api/v1/auth/signin
2025/01/25 23:10:29 &{venugopal@ecom.com ecom#24 }
2025/01/25 23:10:29 After = /api/v1/auth/signin
2025/01/25 23:10:30 Requested URL before processing = /api/v1/product/getproducts
2025/01/25 23:10:30 After = /api/v1/product/getproducts
2025/01/25 23:10:48 Requested URL before processing = /api/v1/auth/signin
2025/01/25 23:10:48 &{venugopal@ecom.com ecom#24 }
2025/01/25 23:10:48 After = /api/v1/auth/signin
2025/01/25 23:11:29 Requested URL before processing = /api/v1/product/getproducts
2025/01/25 23:11:29 After = /api/v1/product/getproducts
2025/01/25 23:11:29 Requested URL before processing = /api/v1/product/getproducts
2025/01/25 23:11:29 After = /api/v1/product/getproducts
2025/01/25 23:11:41 Requested URL before processing = /api/v1/product/getproducts
2025/01/25 23:11:41 After = /api/v1/product/getproducts
2025/01/25 23:11:41 Requested URL before processing = /api/v1/product/getproducts
2025/01/25 23:11:41 After = /api/v1/product/getproducts
2025/01/25 23:11:59 Requested URL before processing = /api/v1/product/getproducts
2025/01/25 23:11:59 After = /api/v1/product/getproducts
2025/01/25 23:11:59 Requested URL before processing = /api/v1/product/getproducts
2025/01/25 23:11:59 After = /api/v1/product/getproducts
2025/01/25 23:12:50 Requested URL before processing = /api/v1/product/getproducts
2025/01/25 23:12:50 Requested URL before processing = /api/v1/product/getproducts
2025/01/25 23:12:50 After = /api/v1/product/getproducts
2025/01/25 23:12:50 After = /api/v1/product/getproducts
2025/01/25 23:16:07 Requested URL before processing = /api/v1/product/getproducts
2025/01/25 23:16:07 Requested URL before processing = /api/v1/product/getproducts
2025/01/25 23:16:07 After = /api/v1/product/getproducts
2025/01/25 23:16:07 After = /api/v1/product/getproducts
2025/01/25 23:16:28 Requested URL before processing = /api/v1/product/getproducts
2025/01/25 23:16:28 After = /api/v1/product/getproducts
2025/01/25 23:16:28 Requested URL before processing = /api/v1/product/getproducts
2025/01/25 23:16:28 After = /api/v1/product/getproducts
2025/01/25 23:16:47 Requested URL before processing = /api/v1/product/getproducts
2025/01/25 23:16:47 After = /api/v1/product/getproducts
2025/01/25 23:16:52 Requested URL before processing = /api/v1/product/getproducts
2025/01/25 23:16:52 After = /api/v1/product/getproducts
2025/01/25 23:19:22 Requested URL before processing = /api/v1/product/getproducts
2025/01/25 23:19:22 After = /api/v1/product/getproducts
2025/01/25 23:19:29 Requested URL before processing = /api/v1/product/getproducts
2025/01/25 23:19:29 After = /api/v1/product/getproducts
2025/01/25 23:19:58 Requested URL before processing = /api/v1/auth/signin
2025/01/25 23:19:58 &{venugopal@ecom.com ecom#24 }
2025/01/25 23:19:58 After = /api/v1/auth/signin
2025/01/25 23:20:00 Requested URL before processing = /api/v1/auth/signin
2025/01/25 23:20:00 &{venugopal@ecom.com ecom#24 }
2025/01/25 23:20:00 After = /api/v1/auth/signin
2025/01/25 23:20:01 Requested URL before processing = /api/v1/auth/signin
2025/01/25 23:20:01 &{venugopal@ecom.com ecom#24 }
2025/01/25 23:20:01 After = /api/v1/auth/signin
2025/01/25 23:20:01 Requested URL before processing = /api/v1/auth/signin
2025/01/25 23:20:01 &{venugopal@ecom.com ecom#24 }
2025/01/25 23:20:01 After = /api/v1/auth/signin
2025/01/25 23:20:08 Requested URL before processing = /api/v1/auth/signin
2025/01/25 23:20:08 &{venugopal@ecom.com ecom#24 }
2025/01/25 23:20:08 After = /api/v1/auth/signin
2025/01/25 23:20:19 Requested URL before processing = /api/v1/auth/signin
2025/01/25 23:20:19 &{venugopal@ecom.com ecom#24 }
2025/01/25 23:20:19 After = /api/v1/auth/signin
2025/01/25 23:20:44 Requested URL before processing = /api/v1/auth/signin
2025/01/25 23:20:44 &{venugopal@ecom.com ecom#24 }
2025/01/25 23:20:44 After = /api/v1/auth/signin
2025/01/25 23:21:28 Requested URL before processing = /api/v1/auth/signin
2025/01/25 23:21:28 &{venugopal@ecom.com ecom#24 }
2025/01/25 23:21:28 After = /api/v1/auth/signin
2025/01/25 23:21:30 Requested URL before processing = /api/v1/product/getproducts
2025/01/25 23:21:30 After = /api/v1/product/getproducts
2025/01/25 23:21:40 Requested URL before processing = /api/v1/product/getproducts
2025/01/25 23:21:40 After = /api/v1/product/getproducts
2025/01/25 23:21:40 Requested URL before processing = /api/v1/product/getproducts
2025/01/25 23:21:40 After = /api/v1/product/getproducts
2025/01/25 23:21:48 Requested URL before processing = /api/v1/auth/signin
2025/01/25 23:21:48 &{venugopal@ecom.com ecom#24 }
2025/01/25 23:21:48 After = /api/v1/auth/signin
2025/01/25 23:21:49 Requested URL before processing = /api/v1/auth/signin
2025/01/25 23:21:49 &{venugopal@ecom.com ecom#24 }
2025/01/25 23:21:49 After = /api/v1/auth/signin
2025/01/25 23:21:49 Requested URL before processing = /api/v1/auth/signin
2025/01/25 23:21:49 &{venugopal@ecom.com ecom#24 }
2025/01/25 23:21:49 After = /api/v1/auth/signin
2025/01/25 23:21:49 Requested URL before processing = /api/v1/auth/signin
2025/01/25 23:21:49 &{venugopal@ecom.com ecom#24 }
2025/01/25 23:21:49 After = /api/v1/auth/signin
2025/01/25 23:21:52 Requested URL before processing = /api/v1/auth/signin
2025/01/25 23:21:52 &{venugopal@ecom.com ecom#24 }
2025/01/25 23:21:52 After = /api/v1/auth/signin
2025/01/25 23:21:52 Requested URL before processing = /api/v1/auth/signin
2025/01/25 23:21:52 &{venugopal@ecom.com ecom#24 }
2025/01/25 23:21:52 After = /api/v1/auth/signin
2025/01/25 23:21:55 Requested URL before processing = /api/v1/product/getproducts
2025/01/25 23:21:55 After = /api/v1/product/getproducts
2025/01/25 23:21:55 Requested URL before processing = /api/v1/product/getproducts
2025/01/25 23:21:55 After = /api/v1/product/getproducts
2025/01/25 23:21:56 Requested URL before processing = /api/v1/product/getproducts
2025/01/25 23:21:56 After = /api/v1/product/getproducts
2025/01/25 23:21:56 Requested URL before processing = /api/v1/product/getproducts
2025/01/25 23:21:56 After = /api/v1/product/getproducts
2025/01/25 23:21:56 Requested URL before processing = /api/v1/product/getproducts
2025/01/25 23:21:56 After = /api/v1/product/getproducts
2025/01/25 23:21:56 Requested URL before processing = /api/v1/product/getproducts
2025/01/25 23:21:56 After = /api/v1/product/getproducts
2025/01/25 23:21:58 Requested URL before processing = /api/v1/auth/signin
2025/01/25 23:21:58 &{venugopal@ecom.com ecom#24 }
2025/01/25 23:21:58 After = /api/v1/auth/signin
2025/01/25 23:22:00 Requested URL before processing = /api/v1/auth/signin
2025/01/25 23:22:00 &{venugopal@ecom.com ecom#24 }
2025/01/25 23:22:00 After = /api/v1/auth/signin
2025/01/25 23:22:09 Requested URL before processing = /api/v1/auth/signin
2025/01/25 23:22:09 &{venugopal@ecom.com ecom#24 }
2025/01/25 23:22:09 After = /api/v1/auth/signin
2025/01/25 23:23:12 Requested URL before processing = /api/v1/auth/signin
2025/01/25 23:23:12 &{venugopal@ecom.com ecom#24 }
2025/01/25 23:23:12 After = /api/v1/auth/signin
2025/01/25 23:24:20 Requested URL before processing = /api/v1/auth/signin
2025/01/25 23:24:20 &{venugopal@ecom.com ecom#24 }
2025/01/25 23:24:20 After = /api/v1/auth/signin
2025/01/25 23:24:28 Requested URL before processing = /api/v1/product/getproducts
2025/01/25 23:24:28 After = /api/v1/product/getproducts
2025/01/25 23:25:55 Requested URL before processing = /api/v1/auth/signin
2025/01/25 23:25:55 &{venugopal@ecom.com ecom#24 }
2025/01/25 23:25:55 After = /api/v1/auth/signin
2025/01/25 23:25:56 Requested URL before processing = /api/v1/auth/signin
2025/01/25 23:25:56 &{venugopal@ecom.com ecom#24 }
2025/01/25 23:25:56 After = /api/v1/auth/signin
2025/01/25 23:25:57 Requested URL before processing = /api/v1/auth/signin
2025/01/25 23:25:57 &{venugopal@ecom.com ecom#24 }
2025/01/25 23:25:58 After = /api/v1/auth/signin
2025/01/25 23:26:03 Requested URL before processing = /api/v1/auth/signin
2025/01/25 23:26:03 &{venugopal@ecom.com ecom#24 }
2025/01/25 23:26:03 After = /api/v1/auth/signin
2025/01/25 23:26:38 Requested URL before processing = /api/v1/auth/signin
2025/01/25 23:26:38 &{venugopal@ecom.com ecom#24 }
2025/01/25 23:26:38 After = /api/v1/auth/signin
2025/01/25 23:26:44 Requested URL before processing = /api/v1/auth/signin
2025/01/25 23:26:44 &{venugopal@ecom.com ecom#24 }
2025/01/25 23:26:44 After = /api/v1/auth/signin
2025/01/25 23:27:00 Requested URL before processing = /api/v1/auth/signin
2025/01/25 23:27:00 &{venugopal@ecom.com ecom#24 }
2025/01/25 23:27:00 After = /api/v1/auth/signin
2025/01/25 23:27:00 Requested URL before processing = /api/v1/auth/signin
2025/01/25 23:27:00 &{venugopal@ecom.com ecom#24 }
2025/01/25 23:27:00 After = /api/v1/auth/signin
2025/01/25 23:27:01 Requested URL before processing = /api/v1/auth/signin
2025/01/25 23:27:01 &{venugopal@ecom.com ecom#24 }
2025/01/25 23:27:01 After = /api/v1/auth/signin
2025/01/25 23:27:01 Requested URL before processing = /api/v1/auth/signin
2025/01/25 23:27:01 &{venugopal@ecom.com ecom#24 }
2025/01/25 23:27:01 After = /api/v1/auth/signin
2025/01/25 23:27:01 Requested URL before processing = /api/v1/auth/signin
2025/01/25 23:27:01 &{venugopal@ecom.com ecom#24 }
2025/01/25 23:27:01 After = /api/v1/auth/signin
2025/01/25 23:27:02 Requested URL before processing = /api/v1/auth/signin
2025/01/25 23:27:02 &{venugopal@ecom.com ecom#24 }
2025/01/25 23:27:02 After = /api/v1/auth/signin
2025/01/25 23:27:04 Requested URL before processing = /api/v1/auth/signin
2025/01/25 23:27:04 &{venugopal@ecom.com ecom#24 }
2025/01/25 23:27:04 After = /api/v1/auth/signin
2025/01/25 23:27:05 Requested URL before processing = /api/v1/auth/signin
2025/01/25 23:27:05 &{venugopal@ecom.com ecom#24 }
2025/01/25 23:27:05 After = /api/v1/auth/signin
2025/01/25 23:27:05 Requested URL before processing = /api/v1/auth/signin
2025/01/25 23:27:05 &{venugopal@ecom.com ecom#24 }
2025/01/25 23:27:05 After = /api/v1/auth/signin
2025/01/25 23:27:11 Requested URL before processing = /api/v1/auth/signin
2025/01/25 23:27:11 &{venugopal@ecom.com ecom#24 }
2025/01/25 23:27:11 After = /api/v1/auth/signin
2025/01/25 23:27:18 Requested URL before processing = /api/v1/auth/signin
2025/01/25 23:27:18 &{venugopal@ecom.com ecom#24 }
2025/01/25 23:27:18 After = /api/v1/auth/signin
2025/01/25 23:28:14 Requested URL before processing = /api/v1/auth/signin
2025/01/25 23:28:14 &{venugopal@ecom.com ecom#24 }
2025/01/25 23:28:14 After = /api/v1/auth/signin
2025/01/25 23:31:37 Requested URL before processing = /api/v1/auth/signin
2025/01/25 23:31:37 &{venugopal@ecom.com ecom#24 }
2025/01/25 23:31:37 After = /api/v1/auth/signin
2025/01/25 23:31:38 Requested URL before processing = /api/v1/auth/signin
2025/01/25 23:31:38 &{venugopal@ecom.com ecom#24 }
2025/01/25 23:31:38 After = /api/v1/auth/signin
2025/01/25 23:32:04 Requested URL before processing = /api/v1/auth/signin
2025/01/25 23:32:04 &{venugopal@ecom.com ecom#24 }
2025/01/25 23:32:04 After = /api/v1/auth/signin
2025/01/25 23:32:07 Requested URL before processing = /api/v1/product/getproducts
2025/01/25 23:32:07 After = /api/v1/product/getproducts
2025/01/25 23:32:13 Requested URL before processing = /api/v1/auth/signin
2025/01/25 23:32:13 &{venugopal@ecom.com ecom#24 }
2025/01/25 23:32:13 After = /api/v1/auth/signin
2025/01/25 23:32:15 Requested URL before processing = /api/v1/product/getproducts
2025/01/25 23:32:15 After = /api/v1/product/getproducts
2025/01/25 23:32:28 Requested URL before processing = /api/v1/product/getproducts
2025/01/25 23:32:28 After = /api/v1/product/getproducts
2025/01/25 23:32:28 Requested URL before processing = /api/v1/product/getproducts
2025/01/25 23:32:28 After = /api/v1/product/getproducts
2025/01/25 23:32:50 Requested URL before processing = /api/v1/product/getproducts
2025/01/25 23:32:50 Requested URL before processing = /api/v1/product/getproducts
2025/01/25 23:32:50 After = /api/v1/product/getproducts
2025/01/25 23:32:50 After = /api/v1/product/getproducts
2025/01/25 23:33:31 Requested URL before processing = /api/v1/product/getproducts
2025/01/25 23:33:31 Requested URL before processing = /api/v1/product/getproducts
2025/01/25 23:33:31 After = /api/v1/product/getproducts
2025/01/25 23:33:31 After = /api/v1/product/getproducts
2025/01/25 23:33:32 Requested URL before processing = /api/v1/product/getproducts
2025/01/25 23:33:32 Requested URL before processing = /api/v1/product/getproducts
2025/01/25 23:33:32 After = /api/v1/product/getproducts
2025/01/25 23:33:32 After = /api/v1/product/getproducts
2025/01/25 23:33:40 Requested URL before processing = /api/v1/product/getproducts
2025/01/25 23:33:40 After = /api/v1/product/getproducts
2025/01/25 23:33:40 Requested URL before processing = /api/v1/product/getproducts
2025/01/25 23:33:40 After = /api/v1/product/getproducts
2025/01/25 23:33:47 Requested URL before processing = /api/v1/auth/signin
2025/01/25 23:33:47 &{venugopal@ecom.com ecom#24 }
2025/01/25 23:33:47 After = /api/v1/auth/signin
2025/01/25 23:33:48 Requested URL before processing = /api/v1/auth/signin
2025/01/25 23:33:48 &{venugopal@ecom.com ecom#24 }
2025/01/25 23:33:48 After = /api/v1/auth/signin
2025/01/25 23:33:50 Requested URL before processing = /api/v1/product/getproducts
2025/01/25 23:33:50 After = /api/v1/product/getproducts
2025/01/25 23:36:17 Requested URL before processing = /api/v1/auth/signin
2025/01/25 23:36:17 &{venugopal@ecom.com ecom#24 }
2025/01/25 23:36:17 After = /api/v1/auth/signin
2025/01/25 23:36:18 Requested URL before processing = /api/v1/auth/signin
2025/01/25 23:36:18 &{venugopal@ecom.com ecom#24 }
2025/01/25 23:36:18 After = /api/v1/auth/signin
2025/01/25 23:36:27 Requested URL before processing = /api/v1/product/getproducts
2025/01/25 23:36:27 After = /api/v1/product/getproducts
2025/01/25 23:36:29 Requested URL before processing = /api/v1/product/getproducts
2025/01/25 23:36:29 After = /api/v1/product/getproducts
2025/01/25 23:36:29 Requested URL before processing = /api/v1/product/getproducts
2025/01/25 23:36:29 After = /api/v1/product/getproducts
2025/01/25 23:36:50 Requested URL before processing = /api/v1/product/getproducts
2025/01/25 23:36:51 After = /api/v1/product/getproducts
2025/01/25 23:36:51 Requested URL before processing = /api/v1/product/getproducts
2025/01/25 23:36:51 After = /api/v1/product/getproducts
2025/01/25 23:36:59 Requested URL before processing = /api/v1/auth/signin
2025/01/25 23:36:59 &{venugopal@ecom.com ecom#24 }
2025/01/25 23:36:59 After = /api/v1/auth/signin
2025/01/25 23:37:08 Requested URL before processing = /api/v1/product/getproducts
2025/01/25 23:37:08 After = /api/v1/product/getproducts
2025/01/25 23:37:08 Requested URL before processing = /api/v1/product/getproducts
2025/01/25 23:37:08 After = /api/v1/product/getproducts
2025/01/25 23:38:49 Requested URL before processing = /api/v1/product/getproducts
2025/01/25 23:38:49 After = /api/v1/product/getproducts
2025/01/25 23:43:06 Requested URL before processing = /api/v1/product/getproducts
2025/01/25 23:43:06 After = /api/v1/product/getproducts
2025/01/26 11:12:33 Host Venugopals-MacBook-Air.local, Page/Block size =16384 
2025/01/26 11:12:33 Setting up file server and api handlers
2025/01/26 11:12:33 Application is available at Host: Venugopals-MacBook-Air.local and  Port=2024
2025/01/26 11:13:42 Requested URL before processing = /api/v1/auth/signin
2025/01/26 11:13:42 &{venugopal@ecom.com ecom#24 }
2025/01/26 11:13:42 After = /api/v1/auth/signin
2025/01/26 11:13:44 Requested URL before processing = /api/v1/auth/signin
2025/01/26 11:13:44 &{venugopal@ecom.com ecom#24 }
2025/01/26 11:13:44 After = /api/v1/auth/signin
2025/01/26 11:13:48 Requested URL before processing = /api/v1/product/getproducts
2025/01/26 11:13:48 After = /api/v1/product/getproducts
2025/01/26 11:13:59 Requested URL before processing = /api/v1/product/getproducts
2025/01/26 11:13:59 After = /api/v1/product/getproducts
2025/01/26 11:13:59 Requested URL before processing = /api/v1/product/getproducts
2025/01/26 11:13:59 After = /api/v1/product/getproducts
2025/01/26 11:14:06 Requested URL before processing = /api/v1/auth/signin
2025/01/26 11:14:06 &{venugopal@ecom.com ecom#24 }
2025/01/26 11:14:06 After = /api/v1/auth/signin
2025/01/26 11:14:11 Requested URL before processing = /api/v1/auth/signin
2025/01/26 11:14:11 &{venugopal@ecom.com ecom#24 }
2025/01/26 11:14:11 After = /api/v1/auth/signin
2025/01/26 11:14:22 Requested URL before processing = /api/v1/product/getproducts
2025/01/26 11:14:22 After = /api/v1/product/getproducts
2025/01/26 11:14:22 Requested URL before processing = /api/v1/product/getproducts
2025/01/26 11:14:22 After = /api/v1/product/getproducts
2025/01/26 12:35:29 Requested URL before processing = /api/v1/product/getproducts
2025/01/26 12:35:29 After = /api/v1/product/getproducts
2025/01/26 12:36:41 Requested URL before processing = /api/v1/product/getproducts
2025/01/26 12:36:41 After = /api/v1/product/getproducts
2025/01/26 12:37:22 Requested URL before processing = /api/v1/product/getproducts
2025/01/26 12:37:22 After = /api/v1/product/getproducts
2025/01/26 12:37:38 Requested URL before processing = /api/v1/product/getproducts
2025/01/26 12:37:38 After = /api/v1/product/getproducts
2025/01/26 12:37:47 Requested URL before processing = /api/v1/product/getproducts
2025/01/26 12:37:47 After = /api/v1/product/getproducts
2025/01/26 12:40:53 Requested URL before processing = /api/v1/product/getproducts
2025/01/26 12:40:53 After = /api/v1/product/getproducts
2025/01/26 12:41:28 Requested URL before processing = /api/v1/product/getproducts
2025/01/26 12:41:28 After = /api/v1/product/getproducts
2025/01/26 12:41:52 Requested URL before processing = /api/v1/product/getproducts
2025/01/26 12:41:52 After = /api/v1/product/getproducts
2025/01/26 12:42:06 Requested URL before processing = /api/v1/product/getproducts
2025/01/26 12:42:06 Requested URL before processing = /api/v1/product/getproducts
2025/01/26 12:42:06 After = /api/v1/product/getproducts
2025/01/26 12:42:06 After = /api/v1/product/getproducts
2025/01/26 12:42:10 Requested URL before processing = /api/v1/auth/signin
2025/01/26 12:42:10 &{venugopal@ecom.com ecom#24 }
2025/01/26 12:42:10 After = /api/v1/auth/signin
2025/01/26 12:42:14 Requested URL before processing = /api/v1/auth/signin
2025/01/26 12:42:14 &{venugopal@ecom.com ecom#24 }
2025/01/26 12:42:14 After = /api/v1/auth/signin
2025/01/26 12:42:23 Requested URL before processing = /api/v1/product/getproducts
2025/01/26 12:42:23 After = /api/v1/product/getproducts
2025/01/26 12:42:23 Requested URL before processing = /api/v1/product/getproducts
2025/01/26 12:42:23 After = /api/v1/product/getproducts
2025/01/26 12:42:28 Requested URL before processing = /api/v1/auth/signin
2025/01/26 12:42:28 &{venugopal@ecom.com ecom#24 }
2025/01/26 12:42:28 After = /api/v1/auth/signin
2025/01/26 12:42:34 Requested URL before processing = /api/v1/auth/signin
2025/01/26 12:42:34 &{venugopal@ecom.com ecom#24 }
2025/01/26 12:42:34 After = /api/v1/auth/signin
2025/01/26 12:42:54 Requested URL before processing = /api/v1/auth/signin
2025/01/26 12:42:54 &{venugopal@ecom.com ecom#24 }
2025/01/26 12:42:54 After = /api/v1/auth/signin
2025/01/26 12:43:46 Requested URL before processing = /api/v1/auth/signin
2025/01/26 12:43:46 &{venugopal@ecom.com ecom#24 }
2025/01/26 12:43:46 After = /api/v1/auth/signin
2025/01/26 12:43:53 Requested URL before processing = /api/v1/product/getproducts
2025/01/26 12:43:53 After = /api/v1/product/getproducts
2025/01/26 12:44:17 Requested URL before processing = /api/v1/product/getproducts
2025/01/26 12:44:17 Requested URL before processing = /api/v1/product/getproducts
2025/01/26 12:44:17 After = /api/v1/product/getproducts
2025/01/26 12:44:17 After = /api/v1/product/getproducts
2025/01/26 12:49:20 Requested URL before processing = /api/v1/product/getproducts
2025/01/26 12:49:20 After = /api/v1/product/getproducts
2025/01/26 12:50:06 Requested URL before processing = /api/v1/product/getproducts
2025/01/26 12:50:06 After = /api/v1/product/getproducts
2025/01/26 12:52:22 Requested URL before processing = /api/v1/product/getproducts
2025/01/26 12:52:22 After = /api/v1/product/getproducts
2025/01/26 12:52:30 Requested URL before processing = /api/v1/auth/signin
2025/01/26 12:52:30 &{venugopal@ecom.com ecom#24 }
2025/01/26 12:52:30 After = /api/v1/auth/signin
2025/01/26 12:52:34 Requested URL before processing = /api/v1/product/getproducts
2025/01/26 12:52:34 After = /api/v1/product/getproducts
2025/01/26 12:52:48 Requested URL before processing = /api/v1/product/getproducts
2025/01/26 12:52:48 After = /api/v1/product/getproducts
2025/01/26 12:52:56 Requested URL before processing = /api/v1/auth/signin
2025/01/26 12:52:56 &{venugopal@ecom.com ecom#24 }
2025/01/26 12:52:56 After = /api/v1/auth/signin
2025/01/26 12:53:02 Requested URL before processing = /api/v1/product/getproducts
2025/01/26 12:53:02 After = /api/v1/product/getproducts
2025/01/26 15:21:50 Requested URL before processing = /api/v1/product/getproducts
2025/01/26 15:21:50 After = /api/v1/product/getproducts
2025/01/26 15:22:00 Requested URL before processing = /api/v1/auth/signin
2025/01/26 15:22:00 &{venugopal@ecom.com ecom#24 }
2025/01/26 15:22:00 After = /api/v1/auth/signin
2025/01/26 15:22:09 Requested URL before processing = /api/v1/auth/signin
2025/01/26 15:22:09 &{venugopal@ecom.com ecom#24 }
2025/01/26 15:22:09 After = /api/v1/auth/signin
2025/01/26 15:22:19 Requested URL before processing = /api/v1/product/getproducts
2025/01/26 15:22:19 After = /api/v1/product/getproducts
2025/01/26 15:22:50 Requested URL before processing = /api/v1/product/getproducts
2025/01/26 15:22:50 After = /api/v1/product/getproducts
2025/01/26 15:22:55 Requested URL before processing = /api/v1/auth/signin
2025/01/26 15:22:55 &{venugopal@ecom.com ecom#24 }
2025/01/26 15:22:55 After = /api/v1/auth/signin
2025/01/26 15:23:00 Requested URL before processing = /api/v1/product/getproducts
2025/01/26 15:23:00 After = /api/v1/product/getproducts
2025/01/26 15:24:23 Requested URL before processing = /api/v1/auth/signin
2025/01/26 15:24:23 &{venugopal@ecom.com ecom#24 }
2025/01/26 15:24:23 After = /api/v1/auth/signin
2025/01/26 15:29:36 Requested URL before processing = /api/v1/auth/signin
2025/01/26 15:29:36 &{venugopal@ecom.com ecom#24 }
2025/01/26 15:29:36 After = /api/v1/auth/signin
2025/01/26 15:30:36 Requested URL before processing = /api/v1/auth/signin
2025/01/26 15:30:36 &{venugopal@ecom.com ecom#24 }
2025/01/26 15:30:36 After = /api/v1/auth/signin
2025/01/26 15:37:41 Requested URL before processing = /api/v1/auth/signin
2025/01/26 15:37:41 &{venugopal@ecom.com ecom#24 }
2025/01/26 15:37:41 After = /api/v1/auth/signin
2025/01/26 15:38:36 Requested URL before processing = /api/v1/product/getproducts
2025/01/26 15:38:36 After = /api/v1/product/getproducts
2025/01/26 15:38:42 Requested URL before processing = /api/v1/auth/signin
2025/01/26 15:38:42 &{venugopal@ecom.com ecom#24 }
2025/01/26 15:38:42 After = /api/v1/auth/signin
2025/01/26 15:38:45 Requested URL before processing = /api/v1/product/getproducts
2025/01/26 15:38:45 After = /api/v1/product/getproducts
2025/01/26 15:39:17 Requested URL before processing = /api/v1/product/getproducts
2025/01/26 15:39:17 After = /api/v1/product/getproducts
2025/01/26 15:41:15 Requested URL before processing = /api/v1/auth/signin
2025/01/26 15:41:15 &{venugopal@ecom.com ecom#24 }
2025/01/26 15:41:15 After = /api/v1/auth/signin
2025/01/26 15:41:26 Requested URL before processing = /api/v1/product/getproducts
2025/01/26 15:41:26 After = /api/v1/product/getproducts
2025/01/26 15:42:08 Requested URL before processing = /api/v1/product/getproducts
2025/01/26 15:42:08 After = /api/v1/product/getproducts
2025/01/26 15:42:34 Requested URL before processing = /api/v1/auth/signin
2025/01/26 15:42:34 &{venugopal@ecom.com ecom#24 }
2025/01/26 15:42:34 After = /api/v1/auth/signin
2025/01/26 15:42:45 Requested URL before processing = /api/v1/product/getproducts
2025/01/26 15:42:45 After = /api/v1/product/getproducts
2025/01/26 15:43:37 Requested URL before processing = /api/v1/product/getproducts
2025/01/26 15:43:37 After = /api/v1/product/getproducts
2025/01/26 15:57:11 Requested URL before processing = /api/v1/auth/signin
2025/01/26 15:57:11 &{venugopal@ecom.com ecom#24 }
2025/01/26 15:57:11 After = /api/v1/auth/signin
2025/01/26 15:57:17 Requested URL before processing = /api/v1/product/getproducts
2025/01/26 15:57:17 After = /api/v1/product/getproducts
2025/01/26 15:57:44 Requested URL before processing = /api/v1/product/getproducts
2025/01/26 15:57:44 After = /api/v1/product/getproducts
2025/01/26 16:00:01 Requested URL before processing = /api/v1/product/getproducts
2025/01/26 16:00:01 After = /api/v1/product/getproducts
2025/01/26 16:01:31 Requested URL before processing = /api/v1/auth/signin
2025/01/26 16:01:31 &{venugopal@ecom.com ecom#24 }
2025/01/26 16:01:31 After = /api/v1/auth/signin
2025/01/26 16:01:33 Requested URL before processing = /api/v1/product/getproducts
2025/01/26 16:01:33 After = /api/v1/product/getproducts
2025/01/26 16:01:37 Requested URL before processing = /api/v1/product/getproducts
2025/01/26 16:01:37 After = /api/v1/product/getproducts
2025/01/26 16:01:58 Requested URL before processing = /api/v1/auth/signin
2025/01/26 16:01:58 &{venugopal@ecom.com ecom#24 }
2025/01/26 16:01:58 After = /api/v1/auth/signin
2025/01/26 16:02:00 Requested URL before processing = /api/v1/product/getproducts
2025/01/26 16:02:00 After = /api/v1/product/getproducts
2025/01/26 16:02:08 Requested URL before processing = /api/v1/product/getproducts
2025/01/26 16:02:08 After = /api/v1/product/getproducts
2025/01/26 16:02:41 Requested URL before processing = /api/v1/auth/signin
2025/01/26 16:02:41 &{venugopal@ecom.com ecom#24 }
2025/01/26 16:02:41 After = /api/v1/auth/signin
2025/01/26 16:02:43 Requested URL before processing = /api/v1/product/getproducts
2025/01/26 16:02:43 After = /api/v1/product/getproducts
2025/01/26 16:02:52 Requested URL before processing = /api/v1/auth/signin
2025/01/26 16:02:52 &{venugopal@ecom.com ecom#24 }
2025/01/26 16:02:52 After = /api/v1/auth/signin
2025/01/26 16:02:56 Requested URL before processing = /api/v1/auth/signin
2025/01/26 16:02:56 &{venugopal@ecom.com ecom#24 }
2025/01/26 16:02:56 After = /api/v1/auth/signin
2025/01/26 16:03:00 Requested URL before processing = /api/v1/product/getproducts
2025/01/26 16:03:00 After = /api/v1/product/getproducts
2025/01/26 16:03:03 Requested URL before processing = /api/v1/product/getproducts
2025/01/26 16:03:03 After = /api/v1/product/getproducts
2025/01/26 16:06:03 Requested URL before processing = /api/v1/auth/signin
2025/01/26 16:06:03 &{venugopal@ecom.com ecom#24 }
2025/01/26 16:06:03 After = /api/v1/auth/signin
2025/01/26 16:06:08 Requested URL before processing = /api/v1/product/getproducts
2025/01/26 16:06:08 After = /api/v1/product/getproducts
2025/01/26 16:06:14 Requested URL before processing = /api/v1/auth/signin
2025/01/26 16:06:14 &{venugopal@ecom.com ecom#24 }
2025/01/26 16:06:14 After = /api/v1/auth/signin
2025/01/26 16:06:16 Requested URL before processing = /api/v1/product/getproducts
2025/01/26 16:06:16 After = /api/v1/product/getproducts
2025/01/26 16:07:15 Requested URL before processing = /api/v1/auth/signin
2025/01/26 16:07:15 &{venugopal@ecom.com ecom#24 }
2025/01/26 16:07:15 After = /api/v1/auth/signin
2025/01/26 16:07:16 Requested URL before processing = /api/v1/product/getproducts
2025/01/26 16:07:16 After = /api/v1/product/getproducts
2025/01/26 16:07:23 Requested URL before processing = /api/v1/auth/signin
2025/01/26 16:07:23 &{venugopal@ecom.com ecom#24 }
2025/01/26 16:07:23 After = /api/v1/auth/signin
2025/01/26 16:07:26 Requested URL before processing = /api/v1/product/getproducts
2025/01/26 16:07:26 After = /api/v1/product/getproducts
2025/01/26 16:10:14 Requested URL before processing = /api/v1/auth/signin
2025/01/26 16:10:14 &{venugopal@ecom.com ecom#24 }
2025/01/26 16:10:14 After = /api/v1/auth/signin
2025/01/26 16:10:17 Requested URL before processing = /api/v1/auth/signin
2025/01/26 16:10:17 &{venugopal@ecom.com ecom#24 }
2025/01/26 16:10:17 After = /api/v1/auth/signin
2025/01/26 16:10:28 Requested URL before processing = /api/v1/product/getproducts
2025/01/26 16:10:28 After = /api/v1/product/getproducts
2025/01/26 16:11:19 Requested URL before processing = /api/v1/auth/signin
2025/01/26 16:11:19 &{venugopal@ecom.com ecom#24 }
2025/01/26 16:11:19 After = /api/v1/auth/signin
2025/01/26 16:11:21 Requested URL before processing = /api/v1/product/getproducts
2025/01/26 16:11:21 After = /api/v1/product/getproducts
2025/01/26 16:11:23 Requested URL before processing = /api/v1/product/getproducts
2025/01/26 16:11:23 Requested URL before processing = /api/v1/product/getproducts
2025/01/26 16:11:23 After = /api/v1/product/getproducts
2025/01/26 16:11:23 After = /api/v1/product/getproducts
2025/01/26 16:11:43 Requested URL before processing = /api/v1/product/getproducts
2025/01/26 16:11:43 After = /api/v1/product/getproducts
2025/01/26 16:11:43 Requested URL before processing = /api/v1/product/getproducts
2025/01/26 16:11:43 After = /api/v1/product/getproducts
2025/01/26 16:11:45 Requested URL before processing = /api/v1/auth/signin
2025/01/26 16:11:45 &{venugopal@ecom.com ecom#24 }
2025/01/26 16:11:45 After = /api/v1/auth/signin
2025/01/26 16:11:46 Requested URL before processing = /api/v1/product/getproducts
2025/01/26 16:11:46 After = /api/v1/product/getproducts
2025/01/26 16:11:57 Requested URL before processing = /api/v1/product/getproducts
2025/01/26 16:11:57 Requested URL before processing = /api/v1/product/getproducts
2025/01/26 16:11:57 After = /api/v1/product/getproducts
2025/01/26 16:11:57 After = /api/v1/product/getproducts
2025/01/26 16:12:16 Requested URL before processing = /api/v1/auth/signin
2025/01/26 16:12:16 &{venugopal@ecom.com ecom#24 }
2025/01/26 16:12:16 After = /api/v1/auth/signin
2025/01/26 16:12:18 Requested URL before processing = /api/v1/product/getproducts
2025/01/26 16:12:18 After = /api/v1/product/getproducts
2025/01/26 16:12:21 Requested URL before processing = /api/v1/product/getproducts
2025/01/26 16:12:21 After = /api/v1/product/getproducts
2025/01/26 16:12:21 Requested URL before processing = /api/v1/product/getproducts
2025/01/26 16:12:21 After = /api/v1/product/getproducts
2025/01/26 16:12:26 Requested URL before processing = /api/v1/product/getproducts
2025/01/26 16:12:26 After = /api/v1/product/getproducts
2025/01/26 16:12:26 Requested URL before processing = /api/v1/product/getproducts
2025/01/26 16:12:26 After = /api/v1/product/getproducts
2025/01/26 16:12:52 Requested URL before processing = /api/v1/auth/signin
2025/01/26 16:12:52 &{venugopal@ecom.com ecom#24 }
2025/01/26 16:12:52 After = /api/v1/auth/signin
2025/01/26 16:12:54 Requested URL before processing = /api/v1/product/getproducts
2025/01/26 16:12:54 After = /api/v1/product/getproducts
2025/01/26 16:12:56 Requested URL before processing = /api/v1/product/getproducts
2025/01/26 16:12:56 After = /api/v1/product/getproducts
2025/01/26 16:12:56 Requested URL before processing = /api/v1/product/getproducts
2025/01/26 16:12:56 After = /api/v1/product/getproducts
2025/01/26 16:13:14 Requested URL before processing = /api/v1/auth/signin
2025/01/26 16:13:14 &{venugopal@ecom.com ecom#24 }
2025/01/26 16:13:14 After = /api/v1/auth/signin
2025/01/26 16:13:15 Requested URL before processing = /api/v1/product/getproducts
2025/01/26 16:13:15 After = /api/v1/product/getproducts
2025/01/26 16:13:17 Requested URL before processing = /api/v1/product/getproducts
2025/01/26 16:13:17 After = /api/v1/product/getproducts
2025/01/26 16:13:17 Requested URL before processing = /api/v1/product/getproducts
2025/01/26 16:13:17 After = /api/v1/product/getproducts
2025/01/26 16:16:08 Shutdown Server ...
2025/01/26 16:16:08 Shutting down db connection pool
2025/01/26 16:16:13 timeout of 5 seconds.
2025/01/26 16:16:13 Server exiting
2025/02/01 08:43:55 Host Venugopals-MacBook-Air.local, Page/Block size =16384 
2025/02/01 08:43:55 Setting up file server and api handlers
2025/02/01 08:43:55 Application is available at Host: Venugopals-MacBook-Air.local and  Port=2024
2025/02/01 08:44:12 Requested URL before processing = /api/v1/auth/signin
2025/02/01 08:44:12 &{venugopal@ecom.com ecom#24 }
2025/02/01 08:44:12 sql: expected 8 destination arguments in Scan, not 5
2025/02/01 08:45:36 Host Venugopals-MacBook-Air.local, Page/Block size =16384 
2025/02/01 08:45:36 Setting up file server and api handlers
2025/02/01 08:45:36 Application is available at Host: Venugopals-MacBook-Air.local and  Port=2024
2025/02/01 08:45:47 Requested URL before processing = /api/v1/auth/signin
2025/02/01 08:45:47 &{venugopal@ecom.com ecom#24 }
2025/02/01 08:45:47 sql: expected 8 destination arguments in Scan, not 5
2025/02/01 08:52:00 Host Venugopals-MacBook-Air.local, Page/Block size =16384 
2025/02/01 08:52:00 Setting up file server and api handlers
2025/02/01 08:52:00 Application is available at Host: Venugopals-MacBook-Air.local and  Port=2024
2025/02/01 08:52:28 Requested URL before processing = /api/v1/auth/signin
2025/02/01 08:52:28 Login request : &{venugopal@ecom.com ecom#24 }
2025/02/01 08:52:28 sql: expected 8 destination arguments in Scan, not 5
2025/02/01 09:31:43 Host Venugopals-MacBook-Air.local, Page/Block size =16384 
2025/02/01 09:31:43 Setting up file server and api handlers
2025/02/01 09:31:43 Application is available at Host: Venugopals-MacBook-Air.local and  Port=2024
2025/02/01 09:31:58 Requested URL before processing = /api/v1/auth/signin
2025/02/01 09:31:58 Login request : &{venugopal@ecom.com ecom#24 }
2025/02/01 09:31:58 sql: expected 8 destination arguments in Scan, not 5
2025/02/01 09:37:30 Requested URL before processing = /api/v1/auth/signin
2025/02/01 09:37:30 Login request : &{venugopal@ecom.com ecom#24 }
2025/02/01 09:37:30 sql: expected 8 destination arguments in Scan, not 5
2025/02/01 09:48:03 Shutdown Server ...
2025/02/01 09:48:03 Shutting down db connection pool
2025/02/01 09:48:08 timeout of 5 seconds.
2025/02/01 09:48:08 Server exiting
2025/02/01 09:48:15 Host Venugopals-MacBook-Air.local, Page/Block size =16384 
2025/02/01 09:48:15 Setting up file server and api handlers
2025/02/01 09:48:15 Application is available at Host: Venugopals-MacBook-Air.local and  Port=2024
2025/02/01 09:48:22 Requested URL before processing = /api/v1/auth/signin
2025/02/01 09:48:22 Login request : &{venugopal@ecom.com ecom#24 }
2025/02/01 09:48:22 sql: expected 8 destination arguments in Scan, not 5
2025/02/01 09:48:22 After = /api/v1/auth/signin
2025/02/01 09:56:28 Shutdown Server ...
2025/02/01 09:56:28 Shutting down db connection pool
2025/02/01 09:56:33 timeout of 5 seconds.
2025/02/01 09:56:33 Server exiting
2025/02/01 10:46:20 Host Venugopals-MacBook-Air.local, Page/Block size =16384 
2025/02/01 10:46:20 Setting up file server and api handlers
2025/02/01 10:46:20 Application is available at Host: Venugopals-MacBook-Air.local and  Port=2024
2025/02/01 10:46:38 Requested URL before processing = /api/v1/auth/signin
2025/02/01 10:46:38 Login request : &{venugopal@ecom.com ecom#24 }
2025/02/01 10:46:38 After = /api/v1/auth/signin
2025/02/01 10:46:44 Requested URL before processing = /api/v1/auth/signin
2025/02/01 10:46:44 Login request : &{venugopal@ecom.com ecom#24 }
2025/02/01 10:46:44 After = /api/v1/auth/signin
2025/02/01 10:48:33 Requested URL before processing = /api/v1/product/getproducts
2025/02/01 10:48:33 After = /api/v1/product/getproducts
2025/02/01 10:48:51 Requested URL before processing = /api/v1/product/getproducts
2025/02/01 10:48:51 After = /api/v1/product/getproducts
2025/02/01 10:48:59 Requested URL before processing = /api/v1/auth/signin
2025/02/01 10:48:59 Login request : &{venugopal@ecom.com ecom#24 }
2025/02/01 10:48:59 After = /api/v1/auth/signin
2025/02/01 10:49:06 Requested URL before processing = /api/v1/product/getproducts
2025/02/01 10:49:06 After = /api/v1/product/getproducts
2025/02/01 10:49:48 Requested URL before processing = /api/v1/auth/signin
2025/02/01 10:49:48 Login request : &{venugopal@ecom.com ecom#24 }
2025/02/01 10:49:48 After = /api/v1/auth/signin
2025/02/01 10:49:50 Requested URL before processing = /api/v1/product/getproducts
2025/02/01 10:49:50 After = /api/v1/product/getproducts
2025/02/01 10:50:28 Requested URL before processing = /api/v1/auth/signin
2025/02/01 10:50:28 Login request : &{venugopal@ecom.com ecom#24 }
2025/02/01 10:50:28 After = /api/v1/auth/signin
2025/02/01 10:50:32 Requested URL before processing = /api/v1/product/getproducts
2025/02/01 10:50:32 After = /api/v1/product/getproducts
2025/02/01 10:51:49 Requested URL before processing = /api/v1/auth/signin
2025/02/01 10:51:49 Login request : &{venugopal@ecom.com ecom#24 }
2025/02/01 10:51:49 After = /api/v1/auth/signin
2025/02/01 10:51:50 Requested URL before processing = /api/v1/product/getproducts
2025/02/01 10:51:50 After = /api/v1/product/getproducts
2025/02/01 10:51:57 Requested URL before processing = /api/v1/product/getproducts
2025/02/01 10:51:57 After = /api/v1/product/getproducts
2025/02/01 10:52:07 Requested URL before processing = /api/v1/product/getproducts
2025/02/01 10:52:07 After = /api/v1/product/getproducts
2025/02/01 10:52:24 Requested URL before processing = /api/v1/product/getproducts
2025/02/01 10:52:24 After = /api/v1/product/getproducts
2025/02/01 10:52:28 Requested URL before processing = /api/v1/auth/signin
2025/02/01 10:52:28 Login request : &{venugopal@ecom.com ecom#24 }
2025/02/01 10:52:28 After = /api/v1/auth/signin
2025/02/01 10:52:33 Requested URL before processing = /api/v1/product/getproducts
2025/02/01 10:52:33 After = /api/v1/product/getproducts
2025/02/01 10:52:43 Requested URL before processing = /api/v1/auth/signin
2025/02/01 10:52:43 Login request : &{venugopal@ecom.com ecom#24 }
2025/02/01 10:52:43 After = /api/v1/auth/signin
2025/02/01 10:53:05 Requested URL before processing = /api/v1/product/getproducts
2025/02/01 10:53:05 After = /api/v1/product/getproducts
2025/02/01 10:53:38 Requested URL before processing = /api/v1/auth/signin
2025/02/01 10:53:38 Login request : &{venugopal@ecom.com ecom#24 }
2025/02/01 10:53:38 After = /api/v1/auth/signin
2025/02/01 10:53:50 Requested URL before processing = /api/v1/auth/signin
2025/02/01 10:53:50 Login request : &{venugopal@ecom.com ecom#24 }
2025/02/01 10:53:50 After = /api/v1/auth/signin
2025/02/01 10:55:08 Shutdown Server ...
2025/02/01 10:55:08 Shutting down db connection pool
2025/02/01 10:55:13 timeout of 5 seconds.
2025/02/01 10:55:13 Server exiting
